5070 -->    (1)->16   (2)->18   (3)->2   (4)->3   (5)->23   (6)->21   (7)->17   (8)->14   (9)->12   (10)->6   
           (11)->10   (12)->11   (13)->4   (14)->9   (15)->13   (16)->19   (17)->7   (18)->1   (19)->24   
           (20)->20   (21)->0   (22)->15   (23)->22   (24)->8   (25)->5   
4866 --> [15, 21]
4774 --> [11, 24]
4718 --> [11, 18]
4672 --> [21, 22]
4652 --> [11, 20]
4604 --> [13, 22]
4532 --> [10, 7]
4468 --> [14, 5]
4458 --> [7, 16]
4414 --> [19, 21]
4386 --> [18, 23]
4362 --> [5, 8]
4334 --> [8, 24]
4320 --> [17, 16]
4294 --> [20, 4]
4248 --> [13, 1]
4236 --> [8, 18]
4224 --> [19, 14]
4206 --> [11, 16]
4176 --> [20, 21]
4156 --> [14, 21]
4136 --> [6, 17]
4120 --> [24, 8]
4060 --> [10, 13]
4048 --> [17, 24]
4046 --> [3, 2]
4030 --> [22, 2]
4030 -->    (1)->16   (2)->19   (3)->9   (4)->2   (5)->24   (6)->12   (7)->10   (8)->7   (9)->13   (10)->6   
           (11)->18   (12)->1   (13)->4   (14)->14   (15)->23   (16)->15   (17)->0   (18)->8   (19)->11   
           (20)->21   (21)->20   (22)->22   (23)->3   (24)->5   (25)->17   
Tiempo : 127.568 ms
Semilla : 26515294
