3212 -->    (1)->8   (2)->17   (3)->14   (4)->18   (5)->4   (6)->5   (7)->3   (8)->10   (9)->15   (10)->7   
           (11)->13   (12)->9   (13)->1   (14)->2   (15)->12   (16)->19   (17)->16   (18)->11   (19)->6   
           (20)->0   
3142 --> [4, 17]
3074 --> [13, 14]
3036 --> [13, 11]
3010 --> [16, 13]
2982 --> [5, 12]
2966 --> [16, 2]
2934 --> [11, 18]
2926 --> [14, 9]
2884 --> [19, 12]
2870 --> [7, 6]
2822 --> [2, 7]
2810 --> [11, 4]
2802 --> [6, 4]
2794 --> [19, 0]
2794 -->    (1)->5   (2)->17   (3)->3   (4)->18   (5)->10   (6)->1   (7)->6   (8)->9   (9)->15   (10)->2   
           (11)->13   (12)->11   (13)->0   (14)->16   (15)->7   (16)->19   (17)->14   (18)->4   (19)->12   
           (20)->8   
Tiempo : 66.842 ms
Semilla : 51529426
