13840 -->    (1)->15   (2)->25   (3)->27   (4)->24   (5)->0   (6)->28   (7)->26   (8)->19   (9)->23   (10)->2   
           (11)->4   (12)->11   (13)->3   (14)->16   (15)->12   (16)->9   (17)->14   (18)->17   (19)->18   
           (20)->21   (21)->6   (22)->20   (23)->22   (24)->13   (25)->7   (26)->8   (27)->10   (28)->1   
           (29)->5   (30)->29   
13818 --> [19, 0]
13781 --> [1, 8]
13758 --> [5, 3]
13729 --> [15, 23]
13711 --> [26, 29]
13698 --> [19, 20]
13677 --> [14, 19]
13661 --> [9, 21]
13658 --> [6, 19]
13656 --> [17, 20]
13634 --> [12, 20]
13625 --> [10, 17]
13618 --> [10, 6]
13593 --> [23, 12]
13578 --> [11, 0]
13576 --> [16, 1]
13575 --> [25, 14]
13568 --> [25, 29]
13565 --> [6, 8]
13561 --> [7, 20]
13555 --> [28, 4]
13542 --> [12, 15]
13524 --> [2, 5]
13519 --> [10, 9]
13513 --> [2, 12]
13499 --> [12, 10]
13483 --> [21, 29]
13483 -->    (1)->11   (2)->14   (3)->13   (4)->28   (5)->5   (6)->27   (7)->25   (8)->3   (9)->15   (10)->12   
           (11)->24   (12)->21   (13)->20   (14)->16   (15)->8   (16)->9   (17)->23   (18)->4   (19)->18   
           (20)->26   (21)->19   (22)->6   (23)->22   (24)->17   (25)->7   (26)->10   (27)->29   (28)->1   
           (29)->0   (30)->2   
Tiempo : 135.96 ms
Semilla : 65152942
