3332 -->    (1)->16   (2)->3   (3)->4   (4)->13   (5)->18   (6)->2   (7)->19   (8)->6   (9)->8   (10)->0   
           (11)->14   (12)->11   (13)->15   (14)->5   (15)->17   (16)->12   (17)->9   (18)->1   (19)->10   
           (20)->7   
3276 --> [4, 0]
3212 --> [1, 11]
3160 --> [6, 0]
3048 --> [11, 12]
3008 --> [10, 3]
2940 --> [19, 4]
2926 --> [1, 7]
2924 --> [6, 7]
2914 --> [10, 15]
2898 --> [4, 3]
2826 --> [14, 6]
2812 --> [4, 15]
2794 --> [8, 16]
2794 -->    (1)->19   (2)->6   (3)->4   (4)->7   (5)->13   (6)->2   (7)->17   (8)->18   (9)->9   (10)->0   
           (11)->12   (12)->15   (13)->3   (14)->5   (15)->11   (16)->14   (17)->8   (18)->1   (19)->10   
           (20)->16   
Tiempo : 25.391 ms
Semilla : 15294265
