3288 -->    (1)->17   (2)->3   (3)->4   (4)->14   (5)->20   (6)->19   (7)->2   (8)->18   (9)->8   (10)->0   
           (11)->15   (12)->16   (13)->12   (14)->10   (15)->9   (16)->13   (17)->7   (18)->1   (19)->5   
           (20)->11   (21)->6   
3176 --> [17, 0]
3154 --> [8, 18]
3102 --> [12, 1]
3028 --> [2, 15]
3000 --> [19, 7]
2988 --> [18, 7]
2980 --> [15, 17]
2942 --> [11, 14]
2908 --> [15, 13]
2892 --> [17, 8]
2872 --> [1, 5]
2824 --> [3, 14]
2808 --> [17, 1]
2778 --> [0, 9]
2750 --> [2, 1]
2742 --> [10, 18]
2734 --> [2, 10]
2730 --> [19, 13]
2710 --> [5, 2]
2694 --> [3, 13]
2682 --> [8, 10]
2674 --> [3, 17]
2670 --> [12, 8]
2670 -->    (1)->0   (2)->13   (3)->12   (4)->19   (5)->20   (6)->11   (7)->2   (8)->8   (9)->3   (10)->1   
           (11)->4   (12)->9   (13)->5   (14)->16   (15)->14   (16)->10   (17)->7   (18)->18   (19)->15   
           (20)->17   (21)->6   
Tiempo : 109.723 ms
Semilla : 15294265
