3941 -->    (1)->16   (2)->3   (3)->4   (4)->13   (5)->18   (6)->2   (7)->19   (8)->6   (9)->8   (10)->0   
           (11)->14   (12)->11   (13)->15   (14)->5   (15)->17   (16)->12   (17)->9   (18)->1   (19)->10   
           (20)->7   
3918 --> [4, 0]
3901 --> [14, 2]
3876 --> [10, 7]
3872 --> [19, 15]
3859 --> [10, 3]
3849 --> [19, 6]
3843 --> [6, 18]
3838 --> [9, 15]
3837 --> [2, 11]
3836 --> [7, 16]
3835 --> [0, 15]
3832 --> [15, 17]
3829 --> [16, 12]
3816 --> [9, 8]
3816 -->    (1)->0   (2)->3   (3)->11   (4)->6   (5)->16   (6)->2   (7)->10   (8)->9   (9)->7   (10)->8   
           (11)->13   (12)->17   (13)->14   (14)->5   (15)->4   (16)->1   (17)->15   (18)->18   (19)->12   
           (20)->19   
Tiempo : 67.119 ms
Semilla : 15294265
