3552 -->    (1)->15   (2)->1   (3)->2   (4)->18   (5)->16   (6)->14   (7)->6   (8)->5   (9)->8   (10)->9   
           (11)->3   (12)->10   (13)->11   (14)->17   (15)->13   (16)->12   (17)->0   (18)->4   (19)->7   
           (20)->19   
3388 --> [1, 13]
3248 --> [19, 12]
3144 --> [10, 4]
3136 --> [1, 2]
3062 --> [3, 7]
3018 --> [14, 2]
2994 --> [13, 15]
2946 --> [10, 6]
2912 --> [2, 7]
2910 --> [13, 19]
2850 --> [13, 7]
2818 --> [8, 17]
2798 --> [15, 3]
2782 --> [2, 4]
2762 --> [17, 1]
2748 --> [7, 11]
2732 --> [13, 9]
2724 --> [13, 2]
2724 -->    (1)->15   (2)->8   (3)->9   (4)->1   (5)->18   (6)->14   (7)->16   (8)->10   (9)->4   (10)->13   
           (11)->6   (12)->11   (13)->19   (14)->3   (15)->17   (16)->5   (17)->0   (18)->2   (19)->7   
           (20)->12   
Tiempo : 55.506 ms
Semilla : 26515294
