196484 -->    (1)->1   (2)->7   (3)->5   (4)->3   (5)->6   (6)->22   (7)->27   (8)->25   (9)->4   (10)->29   
           (11)->10   (12)->20   (13)->12   (14)->13   (15)->18   (16)->2   (17)->15   (18)->17   (19)->21   
           (20)->9   (21)->28   (22)->14   (23)->19   (24)->11   (25)->24   (26)->16   (27)->26   (28)->23   
           (29)->8   (30)->0   
192950 --> [14, 0]
191341 --> [10, 0]
189944 --> [15, 11]
188398 --> [2, 22]
186125 --> [2, 9]
185360 --> [29, 6]
184732 --> [9, 19]
183272 --> [8, 1]
181977 --> [8, 11]
181524 --> [3, 20]
181114 --> [6, 4]
180900 --> [27, 28]
180675 --> [15, 6]
180653 --> [3, 13]
180242 --> [29, 25]
180242 -->    (1)->10   (2)->4   (3)->29   (4)->13   (5)->0   (6)->22   (7)->20   (8)->25   (9)->2   (10)->9   
           (11)->18   (12)->7   (13)->12   (14)->28   (15)->1   (16)->6   (17)->15   (18)->17   (19)->21   
           (20)->19   (21)->3   (22)->14   (23)->5   (24)->11   (25)->24   (26)->27   (27)->26   (28)->8   
           (29)->23   (30)->16   
Tiempo : 74.081 ms
Semilla : 15294265
