4638 -->    (1)->14   (2)->1   (3)->2   (4)->20   (5)->0   (6)->18   (7)->6   (8)->11   (9)->5   (10)->9   
           (11)->10   (12)->3   (13)->8   (14)->17   (15)->12   (16)->16   (17)->21   (18)->15   (19)->19   
           (20)->13   (21)->7   (22)->4   
4566 --> [8, 20]
4514 --> [13, 18]
4382 --> [14, 13]
4310 --> [15, 18]
4174 --> [17, 7]
4126 --> [11, 20]
4106 --> [10, 8]
4088 --> [6, 11]
4062 --> [10, 5]
3998 --> [0, 18]
3898 --> [17, 19]
3896 --> [14, 8]
3888 --> [8, 15]
3824 --> [9, 8]
3822 --> [20, 2]
3810 --> [8, 10]
3810 -->    (1)->16   (2)->1   (3)->3   (4)->20   (5)->0   (6)->7   (7)->5   (8)->15   (9)->18   (10)->17   
           (11)->9   (12)->6   (13)->8   (14)->12   (15)->10   (16)->19   (17)->21   (18)->13   (19)->14   
           (20)->11   (21)->2   (22)->4   
Tiempo : 78.168 ms
Semilla : 26515294
