3488 -->    (1)->6   (2)->10   (3)->16   (4)->18   (5)->14   (6)->15   (7)->5   (8)->7   (9)->2   (10)->9   
           (11)->13   (12)->3   (13)->12   (14)->4   (15)->8   (16)->17   (17)->0   (18)->11   (19)->1   
           (20)->19   
3286 --> [4, 18]
3106 --> [19, 1]
3078 --> [17, 8]
3058 --> [4, 8]
3054 --> [9, 17]
3026 --> [15, 12]
2990 --> [2, 6]
2986 --> [4, 12]
2914 --> [15, 19]
2910 --> [8, 2]
2882 --> [13, 17]
2876 --> [8, 16]
2866 --> [15, 4]
2820 --> [12, 4]
2804 --> [10, 19]
2796 --> [5, 12]
2792 --> [19, 15]
2782 --> [1, 18]
2766 --> [18, 15]
2754 --> [10, 14]
2754 -->    (1)->6   (2)->14   (3)->1   (4)->18   (5)->11   (6)->10   (7)->16   (8)->7   (9)->0   (10)->2   
           (11)->8   (12)->3   (13)->15   (14)->9   (15)->12   (16)->19   (17)->5   (18)->4   (19)->13   
           (20)->17   
Tiempo : 28.145 ms
Semilla : 65152942
