3700 -->    (1)->16   (2)->13   (3)->2   (4)->19   (5)->17   (6)->15   (7)->6   (8)->14   (9)->8   (10)->9   
           (11)->3   (12)->10   (13)->1   (14)->12   (15)->5   (16)->18   (17)->4   (18)->11   (19)->0   
           (20)->7   (21)->20   
3580 --> [13, 6]
3456 --> [20, 4]
3372 --> [11, 2]
3226 --> [5, 16]
2974 --> [6, 8]
2948 --> [13, 14]
2912 --> [9, 6]
2856 --> [8, 10]
2848 --> [15, 10]
2784 --> [19, 18]
2780 --> [16, 18]
2772 --> [10, 17]
2748 --> [15, 2]
2712 --> [8, 12]
2684 --> [3, 1]
2684 -->    (1)->16   (2)->19   (3)->12   (4)->13   (5)->20   (6)->4   (7)->9   (8)->14   (9)->1   (10)->8   
           (11)->11   (12)->2   (13)->3   (14)->5   (15)->6   (16)->10   (17)->7   (18)->18   (19)->15   
           (20)->0   (21)->17   
Tiempo : 71.28 ms
Semilla : 26515294
