196151 -->    (1)->15   (2)->25   (3)->27   (4)->24   (5)->0   (6)->28   (7)->26   (8)->19   (9)->23   (10)->2   
           (11)->4   (12)->11   (13)->3   (14)->16   (15)->12   (16)->9   (17)->14   (18)->17   (19)->18   
           (20)->21   (21)->6   (22)->20   (23)->22   (24)->13   (25)->7   (26)->8   (27)->10   (28)->1   
           (29)->5   (30)->29   
193053 --> [19, 0]
191144 --> [10, 24]
190555 --> [2, 20]
189664 --> [12, 16]
188362 --> [10, 27]
187280 --> [5, 17]
186535 --> [13, 11]
186399 --> [15, 17]
185567 --> [28, 26]
184482 --> [27, 28]
183888 --> [20, 3]
183001 --> [28, 20]
183001 -->    (1)->21   (2)->25   (3)->6   (4)->27   (5)->0   (6)->17   (7)->26   (8)->19   (9)->23   (10)->2   
           (11)->1   (12)->16   (13)->14   (14)->11   (15)->12   (16)->28   (17)->3   (18)->9   (19)->18   
           (20)->15   (21)->7   (22)->20   (23)->22   (24)->13   (25)->4   (26)->8   (27)->5   (28)->10   
           (29)->24   (30)->29   
Tiempo : 59.387 ms
Semilla : 65152942
