5208 -->    (1)->2   (2)->3   (3)->5   (4)->13   (5)->20   (6)->18   (7)->4   (8)->21   (9)->10   (10)->9   
           (11)->8   (12)->7   (13)->12   (14)->16   (15)->6   (16)->19   (17)->14   (18)->17   (19)->1   
           (20)->15   (21)->11   (22)->0   
5120 --> [12, 10]
4992 --> [11, 7]
4900 --> [7, 0]
4770 --> [14, 1]
4690 --> [0, 6]
4614 --> [1, 9]
4574 --> [21, 7]
4430 --> [19, 20]
4378 --> [10, 16]
4310 --> [11, 1]
4266 --> [14, 17]
4234 --> [10, 2]
4210 --> [21, 10]
4198 --> [8, 12]
4170 --> [6, 9]
4118 --> [20, 13]
4040 --> [13, 7]
4008 --> [5, 11]
3980 --> [20, 14]
3970 --> [10, 20]
3940 --> [7, 20]
3906 --> [9, 11]
3890 --> [14, 20]
3872 --> [20, 10]
3860 --> [15, 8]
3812 --> [18, 14]
3808 --> [0, 21]
3752 --> [4, 12]
3748 --> [7, 3]
3740 --> [10, 17]
3714 --> [15, 11]
3702 --> [17, 18]
3702 -->    (1)->5   (2)->21   (3)->14   (4)->2   (5)->10   (6)->9   (7)->6   (8)->13   (9)->19   (10)->18   
           (11)->3   (12)->8   (13)->20   (14)->0   (15)->1   (16)->7   (17)->12   (18)->15   (19)->16   
           (20)->11   (21)->17   (22)->4   
Tiempo : 146.929 ms
Semilla : 15294265
