13825 -->    (1)->1   (2)->7   (3)->5   (4)->3   (5)->6   (6)->22   (7)->27   (8)->25   (9)->4   (10)->29   
           (11)->10   (12)->20   (13)->12   (14)->13   (15)->18   (16)->2   (17)->15   (18)->17   (19)->21   
           (20)->9   (21)->28   (22)->14   (23)->19   (24)->11   (25)->24   (26)->16   (27)->26   (28)->23   
           (29)->8   (30)->0   
13791 --> [22, 7]
13755 --> [19, 12]
13725 --> [24, 21]
13692 --> [21, 10]
13652 --> [11, 5]
13632 --> [20, 23]
13610 --> [20, 11]
13609 --> [7, 3]
13602 --> [9, 20]
13599 --> [12, 16]
13591 --> [10, 8]
13589 --> [5, 2]
13585 --> [28, 6]
13574 --> [28, 2]
13568 --> [10, 26]
13557 --> [7, 28]
13553 --> [17, 24]
13548 --> [5, 20]
13539 --> [13, 11]
13539 -->    (1)->1   (2)->7   (3)->27   (4)->19   (5)->6   (6)->29   (7)->8   (8)->20   (9)->24   (10)->22   
           (11)->26   (12)->13   (13)->15   (14)->11   (15)->18   (16)->2   (17)->9   (18)->14   (19)->21   
           (20)->12   (21)->5   (22)->10   (23)->25   (24)->28   (25)->17   (26)->16   (27)->4   (28)->23   
           (29)->3   (30)->0   
Tiempo : 90.304 ms
Semilla : 15294265
