3372 -->    (1)->6   (2)->9   (3)->5   (4)->0   (5)->10   (6)->16   (7)->18   (8)->19   (9)->2   (10)->11   
           (11)->14   (12)->13   (13)->12   (14)->7   (15)->4   (16)->15   (17)->17   (18)->8   (19)->3   
           (20)->1   (21)->20   
3288 --> [0, 16]
3260 --> [20, 1]
3080 --> [7, 4]
3028 --> [15, 14]
2970 --> [8, 11]
2938 --> [18, 20]
2934 --> [18, 12]
2902 --> [15, 0]
2858 --> [18, 20]
2830 --> [2, 20]
2828 --> [19, 17]
2820 --> [19, 10]
2808 --> [10, 11]
2784 --> [1, 4]
2720 --> [7, 6]
2704 --> [8, 18]
2682 --> [11, 15]
2650 --> [7, 12]
2622 --> [8, 0]
2618 --> [17, 10]
2610 --> [20, 18]
2594 --> [2, 18]
2584 --> [16, 1]
2568 --> [13, 19]
2568 -->    (1)->3   (2)->6   (3)->5   (4)->0   (5)->20   (6)->16   (7)->10   (8)->9   (9)->4   (10)->11   
           (11)->1   (12)->17   (13)->18   (14)->14   (15)->15   (16)->8   (17)->19   (18)->2   (19)->12   
           (20)->7   (21)->13   
Tiempo : 113.504 ms
Semilla : 65152942
