13840 -->    (1)->28   (2)->13   (3)->25   (4)->3   (5)->4   (6)->11   (7)->26   (8)->7   (9)->27   (10)->5   
           (11)->10   (12)->19   (13)->24   (14)->2   (15)->12   (16)->23   (17)->17   (18)->29   (19)->18   
           (20)->21   (21)->20   (22)->8   (23)->9   (24)->1   (25)->22   (26)->16   (27)->6   (28)->15   
           (29)->14   (30)->0   
13808 --> [24, 13]
13786 --> [3, 7]
13729 --> [22, 28]
13703 --> [6, 18]
13671 --> [8, 10]
13668 --> [7, 29]
13643 --> [29, 4]
13623 --> [18, 19]
13618 --> [26, 21]
13592 --> [8, 13]
13568 --> [28, 21]
13565 --> [20, 29]
13553 --> [20, 23]
13548 --> [17, 25]
13540 --> [0, 6]
13526 --> [9, 4]
13526 -->    (1)->18   (2)->13   (3)->25   (4)->7   (5)->5   (6)->11   (7)->28   (8)->0   (9)->22   (10)->3   
           (11)->27   (12)->19   (13)->24   (14)->10   (15)->12   (16)->23   (17)->17   (18)->16   (19)->21   
           (20)->26   (21)->1   (22)->9   (23)->14   (24)->4   (25)->2   (26)->29   (27)->8   (28)->15   
           (29)->6   (30)->20   
Tiempo : 104.263 ms
Semilla : 52942651
