34948 -->    (1)->15   (2)->1   (3)->2   (4)->18   (5)->16   (6)->14   (7)->6   (8)->5   (9)->8   (10)->9   
           (11)->3   (12)->10   (13)->11   (14)->17   (15)->13   (16)->12   (17)->0   (18)->4   (19)->7   
           (20)->19   
34453 --> [8, 18]
33861 --> [18, 3]
33441 --> [10, 4]
33135 --> [12, 11]
32140 --> [13, 17]
31928 --> [15, 12]
31916 --> [9, 7]
31858 --> [14, 10]
31760 --> [5, 6]
31711 --> [16, 7]
31680 --> [13, 7]
31485 --> [16, 10]
31446 --> [16, 14]
31369 --> [7, 13]
31297 --> [15, 14]
31297 -->    (1)->15   (2)->1   (3)->2   (4)->8   (5)->3   (6)->6   (7)->14   (8)->0   (9)->7   (10)->5   
           (11)->9   (12)->11   (13)->12   (14)->4   (15)->10   (16)->13   (17)->16   (18)->17   (19)->18   
           (20)->19   
Tiempo : 74.505 ms
Semilla : 26515294
