3977 -->    (1)->6   (2)->10   (3)->16   (4)->18   (5)->14   (6)->15   (7)->5   (8)->7   (9)->2   (10)->9   
           (11)->13   (12)->3   (13)->12   (14)->4   (15)->8   (16)->17   (17)->0   (18)->11   (19)->1   
           (20)->19   
3956 --> [11, 9]
3926 --> [19, 1]
3908 --> [13, 4]
3890 --> [1, 13]
3885 --> [8, 13]
3862 --> [9, 10]
3850 --> [18, 14]
3839 --> [18, 2]
3836 --> [6, 14]
3834 --> [18, 16]
3829 --> [3, 17]
3822 --> [19, 9]
3817 --> [17, 1]
3812 --> [18, 9]
3807 --> [8, 9]
3802 --> [16, 8]
3790 --> [16, 17]
3790 -->    (1)->6   (2)->18   (3)->8   (4)->11   (5)->4   (6)->15   (7)->1   (8)->7   (9)->16   (10)->19   
           (11)->3   (12)->9   (13)->12   (14)->2   (15)->5   (16)->17   (17)->14   (18)->0   (19)->10   
           (20)->13   
Tiempo : 83.06 ms
Semilla : 65152942
