3939 -->    (1)->8   (2)->17   (3)->14   (4)->18   (5)->4   (6)->5   (7)->3   (8)->10   (9)->15   (10)->7   
           (11)->13   (12)->9   (13)->1   (14)->2   (15)->12   (16)->19   (17)->16   (18)->11   (19)->6   
           (20)->0   
3926 --> [4, 17]
3898 --> [11, 1]
3891 --> [18, 15]
3882 --> [8, 10]
3868 --> [16, 3]
3859 --> [11, 18]
3856 --> [10, 4]
3847 --> [19, 12]
3838 --> [16, 19]
3835 --> [9, 3]
3830 --> [11, 4]
3823 --> [3, 6]
3815 --> [0, 19]
3809 --> [7, 8]
3808 --> [2, 15]
3805 --> [3, 0]
3796 --> [3, 12]
3794 --> [16, 17]
3794 -->    (1)->3   (2)->9   (3)->6   (4)->0   (5)->19   (6)->5   (7)->7   (8)->13   (9)->10   (10)->16   
           (11)->11   (12)->15   (13)->18   (14)->2   (15)->12   (16)->14   (17)->4   (18)->1   (19)->17   
           (20)->8   
Tiempo : 85.857 ms
Semilla : 51529426
