34071 -->    (1)->6   (2)->10   (3)->16   (4)->18   (5)->14   (6)->15   (7)->5   (8)->7   (9)->2   (10)->9   
           (11)->13   (12)->3   (13)->12   (14)->4   (15)->8   (16)->17   (17)->0   (18)->11   (19)->1   
           (20)->19   
33454 --> [17, 0]
33367 --> [19, 6]
32774 --> [19, 8]
32619 --> [6, 17]
32617 --> [0, 3]
32597 --> [3, 11]
32500 --> [9, 7]
32493 --> [10, 8]
32158 --> [4, 14]
32157 --> [8, 13]
31980 --> [1, 10]
31690 --> [18, 0]
31595 --> [15, 17]
31337 --> [5, 15]
31293 --> [5, 4]
31029 --> [5, 8]
30941 --> [16, 19]
30899 --> [5, 19]
30647 --> [5, 1]
30584 --> [16, 2]
30459 --> [5, 8]
29683 --> [1, 0]
29426 --> [19, 4]
29426 -->    (1)->0   (2)->1   (3)->2   (4)->3   (5)->4   (6)->8   (7)->6   (8)->9   (9)->5   (10)->7   
           (11)->10   (12)->11   (13)->12   (14)->13   (15)->14   (16)->15   (17)->16   (18)->17   (19)->18   
           (20)->19   
Tiempo : 108.656 ms
Semilla : 65152942
