4980 -->    (1)->6   (2)->18   (3)->2   (4)->11   (5)->8   (6)->5   (7)->19   (8)->14   (9)->10   (10)->15   
           (11)->0   (12)->3   (13)->13   (14)->1   (15)->4   (16)->7   (17)->20   (18)->17   (19)->21   
           (20)->16   (21)->9   (22)->12   
4804 --> [21, 14]
4624 --> [12, 18]
4480 --> [19, 11]
4408 --> [1, 16]
4352 --> [16, 18]
4342 --> [8, 12]
4270 --> [15, 9]
4184 --> [10, 19]
4164 --> [4, 1]
4136 --> [15, 0]
4112 --> [17, 7]
4080 --> [18, 6]
4078 --> [3, 14]
4046 --> [17, 2]
4036 --> [7, 11]
4012 --> [12, 4]
3972 --> [18, 15]
3968 --> [7, 10]
3912 --> [18, 2]
3886 --> [2, 5]
3882 --> [17, 7]
3838 --> [11, 9]
3796 --> [20, 1]
3780 --> [20, 12]
3774 --> [8, 20]
3754 --> [1, 20]
3726 --> [18, 7]
3706 --> [9, 6]
3696 --> [1, 4]
3680 --> [9, 15]
3656 --> [11, 5]
3652 --> [18, 17]
3652 -->    (1)->15   (2)->10   (3)->5   (4)->12   (5)->21   (6)->7   (7)->17   (8)->14   (9)->20   (10)->19   
           (11)->16   (12)->6   (13)->8   (14)->1   (15)->11   (16)->18   (17)->13   (18)->2   (19)->3   
           (20)->0   (21)->9   (22)->4   
Tiempo : 154.854 ms
Semilla : 52942651
