3500 -->    (1)->10   (2)->17   (3)->2   (4)->12   (5)->8   (6)->18   (7)->6   (8)->7   (9)->15   (10)->9   
           (11)->13   (12)->16   (13)->20   (14)->4   (15)->14   (16)->19   (17)->3   (18)->0   (19)->5   
           (20)->11   (21)->1   
3432 --> [7, 6]
3204 --> [19, 6]
3170 --> [17, 19]
3034 --> [16, 17]
3030 --> [1, 20]
2994 --> [7, 13]
2942 --> [3, 12]
2938 --> [13, 14]
2898 --> [20, 9]
2840 --> [12, 8]
2792 --> [5, 9]
2768 --> [14, 3]
2752 --> [4, 1]
2736 --> [16, 17]
2724 --> [10, 16]
2688 --> [0, 8]
2644 --> [12, 5]
2638 --> [9, 15]
2636 --> [17, 19]
2632 --> [4, 13]
2610 --> [17, 19]
2582 --> [10, 18]
2562 --> [20, 17]
2530 --> [1, 20]
2526 --> [11, 12]
2514 --> [12, 5]
2514 -->    (1)->12   (2)->7   (3)->2   (4)->6   (5)->14   (6)->16   (7)->11   (8)->4   (9)->10   (10)->19   
           (11)->5   (12)->17   (13)->15   (14)->1   (15)->20   (16)->18   (17)->13   (18)->9   (19)->3   
           (20)->0   (21)->8   
Tiempo : 121.09 ms
Semilla : 52942651
