192468 -->    (1)->28   (2)->13   (3)->25   (4)->3   (5)->4   (6)->11   (7)->26   (8)->7   (9)->27   (10)->5   
           (11)->10   (12)->19   (13)->24   (14)->2   (15)->12   (16)->23   (17)->17   (18)->29   (19)->18   
           (20)->21   (21)->20   (22)->8   (23)->9   (24)->1   (25)->22   (26)->16   (27)->6   (28)->15   
           (29)->14   (30)->0   
190541 --> [27, 8]
189579 --> [13, 11]
188314 --> [25, 27]
187861 --> [22, 4]
187332 --> [6, 26]
186206 --> [21, 16]
186147 --> [25, 16]
184948 --> [19, 20]
183191 --> [17, 0]
182381 --> [2, 19]
182200 --> [16, 13]
182065 --> [0, 29]
181877 --> [4, 22]
181589 --> [19, 17]
180949 --> [19, 16]
180887 --> [22, 15]
180242 --> [18, 5]
180228 --> [17, 10]
179694 --> [15, 29]
179270 --> [1, 8]
178922 --> [8, 29]
178849 --> [28, 11]
178669 --> [10, 17]
178669 -->    (1)->0   (2)->15   (3)->20   (4)->3   (5)->4   (6)->18   (7)->6   (8)->7   (9)->9   (10)->5   
           (11)->10   (12)->14   (13)->24   (14)->27   (15)->12   (16)->29   (17)->28   (18)->25   (19)->11   
           (20)->19   (21)->21   (22)->17   (23)->23   (24)->1   (25)->22   (26)->8   (27)->26   (28)->16   
           (29)->2   (30)->13   
Tiempo : 144.021 ms
Semilla : 52942651
