5038 -->    (1)->12   (2)->11   (3)->5   (4)->0   (5)->15   (6)->7   (7)->6   (8)->19   (9)->2   (10)->1   
           (11)->4   (12)->14   (13)->10   (14)->13   (15)->20   (16)->3   (17)->16   (18)->18   (19)->9   
           (20)->17   (21)->8   (22)->21   
4886 --> [12, 10]
4706 --> [14, 0]
4674 --> [17, 21]
4622 --> [5, 4]
4334 --> [4, 9]
4314 --> [11, 5]
4202 --> [20, 16]
4180 --> [14, 1]
4164 --> [4, 14]
4156 --> [17, 7]
4152 --> [14, 20]
4140 --> [7, 18]
4112 --> [12, 13]
4090 --> [19, 3]
4078 --> [3, 11]
4042 --> [8, 13]
4032 --> [14, 18]
4016 --> [20, 3]
4014 --> [19, 3]
3960 --> [18, 11]
3904 --> [10, 18]
3870 --> [16, 14]
3830 --> [10, 9]
3810 --> [5, 20]
3746 --> [14, 18]
3710 --> [12, 20]
3698 --> [2, 15]
3698 -->    (1)->20   (2)->12   (3)->3   (4)->0   (5)->11   (6)->15   (7)->6   (8)->9   (9)->4   (10)->17   
           (11)->7   (12)->16   (13)->14   (14)->2   (15)->10   (16)->5   (17)->21   (18)->19   (19)->8   
           (20)->1   (21)->13   (22)->18   
Tiempo : 125.903 ms
Semilla : 65152942
