5046 -->    (1)->10   (2)->1   (3)->12   (4)->18   (5)->9   (6)->23   (7)->6   (8)->7   (9)->5   (10)->13   
           (11)->11   (12)->19   (13)->17   (14)->15   (15)->8   (16)->3   (17)->24   (18)->16   (19)->22   
           (20)->0   (21)->20   (22)->21   (23)->14   (24)->2   (25)->4   
4882 --> [19, 4]
4702 --> [10, 5]
4606 --> [10, 12]
4504 --> [22, 21]
4478 --> [21, 15]
4374 --> [20, 2]
4354 --> [18, 17]
4318 --> [9, 8]
4310 --> [2, 13]
4266 --> [13, 17]
4242 --> [15, 23]
4218 --> [15, 9]
4194 --> [9, 14]
4166 --> [20, 7]
4158 --> [12, 22]
4142 --> [1, 15]
4134 --> [23, 7]
4106 --> [13, 23]
4084 --> [24, 19]
4064 --> [19, 21]
4044 --> [9, 10]
4036 --> [14, 19]
4028 --> [10, 24]
4020 --> [12, 22]
4010 --> [9, 13]
4010 -->    (1)->10   (2)->5   (3)->15   (4)->18   (5)->0   (6)->11   (7)->6   (8)->14   (9)->13   (10)->12   
           (11)->9   (12)->19   (13)->23   (14)->17   (15)->3   (16)->1   (17)->24   (18)->20   (19)->16   
           (20)->2   (21)->7   (22)->4   (23)->21   (24)->22   (25)->8   
Tiempo : 122.389 ms
Semilla : 51529426
