35149 -->    (1)->16   (2)->3   (3)->4   (4)->13   (5)->18   (6)->2   (7)->19   (8)->6   (9)->8   (10)->0   
           (11)->14   (12)->11   (13)->15   (14)->5   (15)->17   (16)->12   (17)->9   (18)->1   (19)->10   
           (20)->7   
34388 --> [17, 1]
33983 --> [19, 7]
33935 --> [19, 3]
33607 --> [10, 13]
33052 --> [2, 17]
32819 --> [17, 5]
32798 --> [18, 15]
32785 --> [10, 14]
32738 --> [6, 8]
32641 --> [10, 15]
32601 --> [16, 18]
32533 --> [8, 10]
32233 --> [11, 18]
32172 --> [8, 10]
32112 --> [8, 7]
32041 --> [8, 10]
31924 --> [16, 10]
31924 -->    (1)->16   (2)->1   (3)->3   (4)->6   (5)->18   (6)->4   (7)->8   (8)->19   (9)->10   (10)->0   
           (11)->12   (12)->9   (13)->15   (14)->14   (15)->5   (16)->17   (17)->7   (18)->2   (19)->11   
           (20)->13   
Tiempo : 80.215 ms
Semilla : 15294265
