5204 -->    (1)->20   (2)->3   (3)->5   (4)->0   (5)->23   (6)->8   (7)->19   (8)->22   (9)->10   (10)->9   
           (11)->1   (12)->14   (13)->17   (14)->16   (15)->11   (16)->15   (17)->12   (18)->6   (19)->18   
           (20)->21   (21)->13   (22)->4   (23)->7   (24)->2   (25)->24   
5096 --> [7, 23]
4940 --> [19, 6]
4772 --> [20, 24]
4750 --> [2, 17]
4660 --> [18, 14]
4588 --> [12, 6]
4528 --> [14, 20]
4440 --> [2, 8]
4340 --> [13, 5]
4292 --> [16, 13]
4194 --> [3, 4]
4154 --> [9, 24]
4142 --> [21, 4]
4112 --> [21, 1]
4096 --> [8, 22]
4074 --> [24, 16]
4070 --> [12, 20]
4034 --> [5, 18]
4006 --> [24, 22]
4000 --> [3, 14]
3992 --> [24, 7]
3974 --> [19, 12]
3974 -->    (1)->20   (2)->0   (3)->10   (4)->24   (5)->4   (6)->11   (7)->17   (8)->6   (9)->7   (10)->13   
           (11)->1   (12)->14   (13)->19   (14)->12   (15)->23   (16)->15   (17)->9   (18)->5   (19)->16   
           (20)->18   (21)->21   (22)->3   (23)->8   (24)->22   (25)->2   
Tiempo : 104.76 ms
Semilla : 65152942
