35242 -->    (1)->8   (2)->17   (3)->14   (4)->18   (5)->4   (6)->5   (7)->3   (8)->10   (9)->15   (10)->7   
           (11)->13   (12)->9   (13)->1   (14)->2   (15)->12   (16)->19   (17)->16   (18)->11   (19)->6   
           (20)->0   
34432 --> [0, 19]
33829 --> [9, 1]
33500 --> [3, 17]
33371 --> [8, 10]
33310 --> [13, 6]
33101 --> [17, 6]
33014 --> [10, 13]
32827 --> [4, 6]
32782 --> [3, 17]
32696 --> [5, 3]
32566 --> [15, 12]
32489 --> [18, 14]
32444 --> [14, 2]
32368 --> [9, 2]
32259 --> [7, 15]
32012 --> [13, 17]
31722 --> [5, 3]
31573 --> [7, 9]
31573 -->    (1)->0   (2)->7   (3)->17   (4)->2   (5)->18   (6)->5   (7)->4   (8)->6   (9)->13   (10)->1   
           (11)->3   (12)->9   (13)->19   (14)->11   (15)->14   (16)->10   (17)->16   (18)->15   (19)->12   
           (20)->8   
Tiempo : 87.565 ms
Semilla : 51529426
