13848 -->    (1)->9   (2)->2   (3)->14   (4)->3   (5)->13   (6)->27   (7)->17   (8)->7   (9)->21   (10)->6   
           (11)->22   (12)->16   (13)->0   (14)->10   (15)->11   (16)->20   (17)->18   (18)->26   (19)->28   
           (20)->29   (21)->4   (22)->15   (23)->5   (24)->12   (25)->24   (26)->25   (27)->8   (28)->1   
           (29)->23   (30)->19   
13798 --> [7, 5]
13749 --> [17, 23]
13735 --> [22, 21]
13733 --> [15, 16]
13719 --> [14, 25]
13715 --> [14, 26]
13711 --> [28, 6]
13707 --> [29, 11]
13691 --> [11, 10]
13683 --> [16, 20]
13664 --> [13, 15]
13651 --> [25, 29]
13648 --> [3, 19]
13616 --> [20, 1]
13592 --> [17, 6]
13591 --> [11, 17]
13588 --> [24, 27]
13568 --> [1, 19]
13561 --> [14, 5]
13548 --> [20, 4]
13548 -->    (1)->9   (2)->3   (3)->14   (4)->29   (5)->2   (6)->8   (7)->12   (8)->27   (9)->21   (10)->6   
           (11)->19   (12)->23   (13)->0   (14)->18   (15)->7   (16)->10   (17)->4   (18)->22   (19)->28   
           (20)->20   (21)->13   (22)->5   (23)->15   (24)->26   (25)->1   (26)->16   (27)->25   (28)->24   
           (29)->17   (30)->11   
Tiempo : 93.622 ms
Semilla : 51529426
