3352 -->    (1)->15   (2)->17   (3)->2   (4)->10   (5)->4   (6)->18   (7)->12   (8)->3   (9)->9   (10)->16   
           (11)->6   (12)->11   (13)->7   (14)->13   (15)->5   (16)->14   (17)->0   (18)->8   (19)->19   
           (20)->1   
3312 --> [14, 0]
3200 --> [9, 7]
3058 --> [5, 19]
3000 --> [4, 12]
2944 --> [1, 19]
2914 --> [14, 6]
2910 --> [2, 17]
2870 --> [10, 7]
2858 --> [4, 9]
2854 --> [13, 18]
2818 --> [19, 3]
2770 --> [13, 15]
2766 --> [2, 4]
2756 --> [9, 4]
2732 --> [19, 11]
2730 --> [18, 1]
2716 --> [6, 7]
2684 --> [12, 17]
2680 --> [5, 12]
2664 --> [8, 17]
2664 -->    (1)->5   (2)->13   (3)->3   (4)->17   (5)->7   (6)->2   (7)->6   (8)->15   (9)->4   (10)->8   
           (11)->16   (12)->10   (13)->1   (14)->14   (15)->12   (16)->19   (17)->0   (18)->9   (19)->18   
           (20)->11   
Tiempo : 41.091 ms
Semilla : 52942651
