192580 -->    (1)->19   (2)->2   (3)->6   (4)->3   (5)->4   (6)->28   (7)->16   (8)->26   (9)->8   (10)->17   
           (11)->15   (12)->22   (13)->5   (14)->13   (15)->27   (16)->1   (17)->11   (18)->20   (19)->14   
           (20)->9   (21)->23   (22)->24   (23)->29   (24)->21   (25)->25   (26)->0   (27)->18   (28)->10   
           (29)->12   (30)->7   
191963 --> [28, 5]
191629 --> [12, 20]
190119 --> [25, 27]
189009 --> [15, 26]
188788 --> [23, 18]
188041 --> [9, 26]
187542 --> [6, 16]
186976 --> [19, 23]
185725 --> [12, 20]
185533 --> [1, 10]
185327 --> [25, 11]
185258 --> [5, 0]
184629 --> [19, 5]
184441 --> [12, 29]
184276 --> [11, 14]
183997 --> [26, 14]
183720 --> [23, 24]
183600 --> [2, 18]
183318 --> [10, 2]
181482 --> [14, 5]
181279 --> [0, 29]
181164 --> [2, 25]
181164 -->    (1)->5   (2)->15   (3)->22   (4)->3   (5)->4   (6)->17   (7)->11   (8)->26   (9)->8   (10)->1   
           (11)->21   (12)->27   (13)->7   (14)->13   (15)->14   (16)->18   (17)->16   (18)->20   (19)->6   
           (20)->19   (21)->23   (22)->24   (23)->29   (24)->25   (25)->9   (26)->2   (27)->10   (28)->0   
           (29)->28   (30)->12   
Tiempo : 130.225 ms
Semilla : 26515294
