4930 -->    (1)->9   (2)->10   (3)->2   (4)->19   (5)->12   (6)->5   (7)->6   (8)->4   (9)->11   (10)->7   
           (11)->8   (12)->0   (13)->14   (14)->16   (15)->21   (16)->15   (17)->1   (18)->13   (19)->18   
           (20)->3   (21)->17   (22)->20   
4774 --> [9, 17]
4722 --> [12, 2]
4680 --> [13, 16]
4652 --> [1, 4]
4628 --> [0, 5]
4576 --> [0, 18]
4388 --> [11, 4]
4380 --> [17, 0]
4344 --> [3, 9]
4252 --> [8, 16]
4236 --> [3, 20]
4212 --> [9, 17]
4204 --> [10, 17]
4186 --> [18, 12]
4160 --> [16, 4]
4100 --> [16, 3]
4072 --> [3, 1]
4042 --> [16, 11]
3992 --> [11, 17]
3976 --> [17, 9]
3968 --> [19, 13]
3910 --> [13, 18]
3886 --> [21, 10]
3878 --> [0, 5]
3860 --> [1, 4]
3846 --> [20, 3]
3822 --> [10, 17]
3800 --> [12, 6]
3800 -->    (1)->9   (2)->11   (3)->14   (4)->13   (5)->0   (6)->7   (7)->5   (8)->4   (9)->16   (10)->17   
           (11)->18   (12)->8   (13)->6   (14)->2   (15)->21   (16)->15   (17)->10   (18)->20   (19)->3   
           (20)->1   (21)->12   (22)->19   
Tiempo : 130.444 ms
Semilla : 51529426
