194070 -->    (1)->9   (2)->2   (3)->14   (4)->3   (5)->13   (6)->27   (7)->17   (8)->7   (9)->21   (10)->6   
           (11)->22   (12)->16   (13)->0   (14)->10   (15)->11   (16)->20   (17)->18   (18)->26   (19)->28   
           (20)->29   (21)->4   (22)->15   (23)->5   (24)->12   (25)->24   (26)->25   (27)->8   (28)->1   
           (29)->23   (30)->19   
192360 --> [14, 2]
191543 --> [29, 9]
189778 --> [25, 10]
188332 --> [0, 7]
187916 --> [1, 25]
187563 --> [17, 27]
186595 --> [17, 11]
186334 --> [23, 16]
185818 --> [9, 13]
185451 --> [17, 5]
184279 --> [19, 8]
183824 --> [7, 9]
183798 --> [19, 6]
183719 --> [22, 21]
182576 --> [19, 7]
182013 --> [21, 7]
181498 --> [6, 29]
181049 --> [19, 16]
180641 --> [24, 20]
180335 --> [12, 5]
179686 --> [7, 21]
178354 --> [5, 27]
178277 --> [24, 23]
178277 -->    (1)->7   (2)->22   (3)->11   (4)->3   (5)->13   (6)->26   (7)->6   (8)->17   (9)->29   (10)->9   
           (11)->25   (12)->1   (13)->16   (14)->19   (15)->14   (16)->20   (17)->10   (18)->27   (19)->28   
           (20)->12   (21)->24   (22)->5   (23)->15   (24)->4   (25)->18   (26)->2   (27)->8   (28)->0   
           (29)->23   (30)->21   
Tiempo : 110.602 ms
Semilla : 51529426
