4860 -->    (1)->6   (2)->19   (3)->4   (4)->5   (5)->2   (6)->7   (7)->20   (8)->3   (9)->24   (10)->17   
           (11)->10   (12)->0   (13)->18   (14)->15   (15)->14   (16)->12   (17)->21   (18)->1   (19)->16   
           (20)->9   (21)->11   (22)->23   (23)->13   (24)->22   (25)->8   
4688 --> [12, 8]
4620 --> [24, 9]
4576 --> [20, 18]
4468 --> [11, 1]
4372 --> [4, 2]
4314 --> [23, 16]
4182 --> [6, 24]
4158 --> [18, 15]
4126 --> [11, 12]
4110 --> [12, 21]
4086 --> [14, 21]
4084 --> [13, 24]
4078 --> [13, 23]
4014 --> [8, 22]
4000 --> [20, 13]
3988 --> [24, 3]
3944 --> [24, 10]
3916 --> [12, 11]
3884 --> [20, 3]
3884 -->    (1)->6   (2)->0   (3)->2   (4)->21   (5)->4   (6)->7   (7)->17   (8)->3   (9)->13   (10)->8   
           (11)->5   (12)->23   (13)->24   (14)->16   (15)->19   (16)->11   (17)->22   (18)->1   (19)->12   
           (20)->9   (21)->15   (22)->14   (23)->18   (24)->20   (25)->10   
Tiempo : 90.723 ms
Semilla : 15294265
