5138 -->    (1)->12   (2)->2   (3)->10   (4)->3   (5)->15   (6)->5   (7)->6   (8)->22   (9)->16   (10)->4   
           (11)->20   (12)->0   (13)->17   (14)->19   (15)->24   (16)->14   (17)->1   (18)->7   (19)->23   
           (20)->11   (21)->8   (22)->13   (23)->9   (24)->21   (25)->18   
4962 --> [5, 22]
4898 --> [17, 19]
4790 --> [21, 23]
4660 --> [0, 13]
4596 --> [6, 9]
4550 --> [18, 13]
4494 --> [5, 24]
4476 --> [13, 9]
4352 --> [1, 22]
4306 --> [13, 23]
4282 --> [20, 24]
4236 --> [10, 19]
4226 --> [18, 13]
4222 --> [6, 20]
4166 --> [8, 12]
4150 --> [12, 19]
4142 --> [17, 22]
4078 --> [15, 6]
4038 --> [19, 7]
4024 --> [4, 12]
3944 --> [23, 3]
3928 --> [24, 10]
3924 --> [23, 20]
3896 --> [3, 17]
3896 -->    (1)->19   (2)->5   (3)->10   (4)->2   (5)->20   (6)->18   (7)->14   (8)->16   (9)->17   (10)->23   
           (11)->8   (12)->0   (13)->15   (14)->12   (15)->24   (16)->9   (17)->1   (18)->6   (19)->13   
           (20)->22   (21)->3   (22)->21   (23)->11   (24)->4   (25)->7   
Tiempo : 118.206 ms
Semilla : 52942651
