13833 -->    (1)->19   (2)->2   (3)->6   (4)->3   (5)->4   (6)->28   (7)->16   (8)->26   (9)->8   (10)->17   
           (11)->15   (12)->22   (13)->5   (14)->13   (15)->27   (16)->1   (17)->11   (18)->20   (19)->14   
           (20)->9   (21)->23   (22)->24   (23)->29   (24)->21   (25)->25   (26)->0   (27)->18   (28)->10   
           (29)->12   (30)->7   
13800 --> [28, 5]
13772 --> [16, 3]
13747 --> [5, 21]
13740 --> [14, 22]
13727 --> [29, 15]
13696 --> [15, 27]
13692 --> [13, 8]
13674 --> [9, 19]
13661 --> [18, 8]
13653 --> [14, 7]
13644 --> [0, 25]
13618 --> [0, 17]
13616 --> [19, 23]
13612 --> [25, 21]
13607 --> [23, 5]
13605 --> [1, 23]
13600 --> [15, 18]
13597 --> [12, 1]
13593 --> [4, 20]
13592 --> [10, 14]
13560 --> [13, 3]
13551 --> [15, 21]
13535 --> [12, 23]
13532 --> [29, 26]
13531 --> [23, 20]
13516 --> [18, 20]
13509 --> [9, 20]
13509 -->    (1)->20   (2)->5   (3)->6   (4)->8   (5)->23   (6)->17   (7)->16   (8)->29   (9)->14   (10)->10   
           (11)->26   (12)->22   (13)->2   (14)->11   (15)->15   (16)->19   (17)->3   (18)->0   (19)->24   
           (20)->21   (21)->9   (22)->13   (23)->27   (24)->4   (25)->25   (26)->12   (27)->1   (28)->7   
           (29)->28   (30)->18   
Tiempo : 135.744 ms
Semilla : 26515294
