3913 -->    (1)->15   (2)->1   (3)->2   (4)->18   (5)->16   (6)->14   (7)->6   (8)->5   (9)->8   (10)->9   
           (11)->3   (12)->10   (13)->11   (14)->17   (15)->13   (16)->12   (17)->0   (18)->4   (19)->7   
           (20)->19   
3899 --> [9, 10]
3896 --> [9, 8]
3870 --> [18, 17]
3857 --> [1, 12]
3854 --> [15, 12]
3852 --> [10, 18]
3850 --> [15, 17]
3842 --> [19, 18]
3841 --> [18, 5]
3838 --> [7, 10]
3835 --> [11, 3]
3834 --> [2, 4]
3830 --> [15, 16]
3827 --> [19, 11]
3820 --> [8, 16]
3816 --> [19, 6]
3810 --> [2, 16]
3805 --> [1, 12]
3801 --> [16, 0]
3795 --> [11, 18]
3794 --> [18, 8]
3794 -->    (1)->16   (2)->12   (3)->3   (4)->10   (5)->2   (6)->19   (7)->18   (8)->4   (9)->9   (10)->8   
           (11)->5   (12)->14   (13)->11   (14)->17   (15)->13   (16)->0   (17)->15   (18)->1   (19)->7   
           (20)->6   
Tiempo : 98.781 ms
Semilla : 26515294
