3194 -->    (1)->19   (2)->9   (3)->2   (4)->15   (5)->12   (6)->5   (7)->4   (8)->14   (9)->1   (10)->16   
           (11)->0   (12)->13   (13)->10   (14)->20   (15)->18   (16)->8   (17)->7   (18)->17   (19)->3   
           (20)->6   (21)->11   
3140 --> [18, 15]
3094 --> [3, 7]
3086 --> [20, 7]
3030 --> [14, 0]
3018 --> [19, 13]
2982 --> [13, 11]
2962 --> [18, 1]
2862 --> [10, 4]
2852 --> [17, 9]
2820 --> [18, 9]
2802 --> [0, 7]
2782 --> [14, 13]
2776 --> [8, 12]
2764 --> [17, 8]
2760 --> [17, 7]
2740 --> [2, 9]
2740 -->    (1)->11   (2)->8   (3)->9   (4)->14   (5)->0   (6)->5   (7)->4   (8)->10   (9)->16   (10)->2   
           (11)->12   (12)->6   (13)->1   (14)->19   (15)->13   (16)->3   (17)->7   (18)->18   (19)->17   
           (20)->20   (21)->15   
Tiempo : 76.897 ms
Semilla : 51529426
