36530 -->    (1)->15   (2)->17   (3)->2   (4)->10   (5)->4   (6)->18   (7)->12   (8)->3   (9)->9   (10)->16   
           (11)->6   (12)->11   (13)->7   (14)->13   (15)->5   (16)->14   (17)->0   (18)->8   (19)->19   
           (20)->1   
35742 --> [7, 6]
34764 --> [16, 9]
34532 --> [12, 5]
34060 --> [14, 18]
33814 --> [15, 3]
32952 --> [1, 19]
32597 --> [10, 13]
32274 --> [4, 9]
32205 --> [5, 9]
31996 --> [4, 8]
31806 --> [10, 8]
31538 --> [16, 2]
31358 --> [17, 5]
31242 --> [0, 15]
31242 -->    (1)->10   (2)->1   (3)->16   (4)->14   (5)->9   (6)->8   (7)->3   (8)->12   (9)->13   (10)->7   
           (11)->0   (12)->11   (13)->18   (14)->6   (15)->19   (16)->15   (17)->2   (18)->4   (19)->5   
           (20)->17   
Tiempo : 70.839 ms
Semilla : 52942651
