----------------------------------------------------
 Solución inicial : 
 (1)->17   (2)->14   (3)->3   (4)->20   (5)->18   (6)->16   (7)->7   (8)->15   (9)->9   (10)->10   
 (11)->4   (12)->11   (13)->2   (14)->13   (15)->6   (16)->19   (17)->5   (18)->12   (19)->1   
 (20)->8   (21)->21   

 Coste : 3700
----------------------------------------------------
 Movimiento : [0, 13]
 Coste :      3580
 Iteración :  6
----------------------------------------------------
 Movimiento : [1, 20]
 Coste :      3456
 Iteración :  4
----------------------------------------------------
 Movimiento : [2, 11]
 Coste :      3372
 Iteración :  2
----------------------------------------------------
 Movimiento : [3, 5]
 Coste :      3226
 Iteración :  16
----------------------------------------------------
 Movimiento : [4, 6]
 Coste :      2974
 Iteración :  8
----------------------------------------------------
 Movimiento : [5, 13]
 Coste :      2948
 Iteración :  14
----------------------------------------------------
 Movimiento : [6, 9]
 Coste :      2912
 Iteración :  6
----------------------------------------------------
 Movimiento : [7, 8]
 Coste :      2856
 Iteración :  10
----------------------------------------------------
 Movimiento : [8, 15]
 Coste :      2848
 Iteración :  10
----------------------------------------------------
 Movimiento : [9, 19]
 Coste :      2784
 Iteración :  18
----------------------------------------------------
 Movimiento : [10, 16]
 Coste :      2780
 Iteración :  18
----------------------------------------------------
 Movimiento : [11, 10]
 Coste :      2772
 Iteración :  17
----------------------------------------------------
 Movimiento : [12, 15]
 Coste :      2748
 Iteración :  2
----------------------------------------------------
 Movimiento : [13, 8]
 Coste :      2712
 Iteración :  12
----------------------------------------------------
 Movimiento : [14, 3]
 Coste :      2684
 Iteración :  1
----------------------------------------------------
 Mejor solución : 
 (1)->17   (2)->20   (3)->13   (4)->14   (5)->21   (6)->5   (7)->10   (8)->15   (9)->2   (10)->9   
 (11)->12   (12)->3   (13)->4   (14)->6   (15)->7   (16)->11   (17)->8   (18)->19   (19)->16   
 (20)->1   (21)->18   

 Coste : 2684
----------------------------------------------------
Tiempo :  37.182 ms 
Semilla : 26515294
