----------------------------------------------------
 Solución inicial : 
 (1)->18   (2)->4   (3)->5   (4)->15   (5)->21   (6)->20   (7)->3   (8)->19   (9)->9   (10)->1   
 (11)->16   (12)->17   (13)->13   (14)->11   (15)->10   (16)->14   (17)->8   (18)->2   (19)->6   
 (20)->12   (21)->7   

 Coste : 3288
----------------------------------------------------
 Movimiento : [0, 17]
 Coste :      3176
 Iteración :  0
----------------------------------------------------
 Movimiento : [1, 8]
 Coste :      3154
 Iteración :  18
----------------------------------------------------
 Movimiento : [2, 12]
 Coste :      3102
 Iteración :  1
----------------------------------------------------
 Movimiento : [3, 2]
 Coste :      3028
 Iteración :  15
----------------------------------------------------
 Movimiento : [4, 19]
 Coste :      3000
 Iteración :  7
----------------------------------------------------
 Movimiento : [5, 18]
 Coste :      2988
 Iteración :  7
----------------------------------------------------
 Movimiento : [6, 15]
 Coste :      2980
 Iteración :  17
----------------------------------------------------
 Movimiento : [7, 11]
 Coste :      2942
 Iteración :  14
----------------------------------------------------
 Movimiento : [8, 15]
 Coste :      2908
 Iteración :  13
----------------------------------------------------
 Movimiento : [9, 17]
 Coste :      2892
 Iteración :  8
----------------------------------------------------
 Movimiento : [10, 1]
 Coste :      2872
 Iteración :  5
----------------------------------------------------
 Movimiento : [11, 3]
 Coste :      2824
 Iteración :  14
----------------------------------------------------
 Movimiento : [12, 17]
 Coste :      2808
 Iteración :  1
----------------------------------------------------
 Movimiento : [13, 0]
 Coste :      2778
 Iteración :  9
----------------------------------------------------
 Movimiento : [14, 2]
 Coste :      2750
 Iteración :  1
----------------------------------------------------
 Movimiento : [15, 10]
 Coste :      2742
 Iteración :  18
----------------------------------------------------
 Movimiento : [16, 2]
 Coste :      2734
 Iteración :  10
----------------------------------------------------
 Movimiento : [17, 19]
 Coste :      2730
 Iteración :  13
----------------------------------------------------
 Movimiento : [18, 5]
 Coste :      2710
 Iteración :  2
----------------------------------------------------
 Movimiento : [19, 3]
 Coste :      2694
 Iteración :  13
----------------------------------------------------
 Movimiento : [20, 8]
 Coste :      2682
 Iteración :  10
----------------------------------------------------
 Movimiento : [21, 3]
 Coste :      2674
 Iteración :  17
----------------------------------------------------
 Movimiento : [22, 12]
 Coste :      2670
 Iteración :  8
----------------------------------------------------
 Mejor solución : 
 (1)->1   (2)->14   (3)->13   (4)->20   (5)->21   (6)->12   (7)->3   (8)->9   (9)->4   (10)->2   
 (11)->5   (12)->10   (13)->6   (14)->17   (15)->15   (16)->11   (17)->8   (18)->19   (19)->16   
 (20)->18   (21)->7   

 Coste : 2670
----------------------------------------------------
Tiempo :  58.643 ms 
Semilla : 15294265
