----------------------------------------------------
 Solución inicial : 
 (1)->14   (2)->1   (3)->2   (4)->20   (5)->0   (6)->18   (7)->6   (8)->11   (9)->5   (10)->9   
 (11)->10   (12)->3   (13)->8   (14)->17   (15)->12   (16)->16   (17)->21   (18)->15   (19)->19   
 (20)->13   (21)->7   (22)->4   

 Coste : 4638
----------------------------------------------------
 Movimiento : [0, 8]
 Coste :      4566
 Iteración :  20
----------------------------------------------------
 Movimiento : [1, 13]
 Coste :      4514
 Iteración :  18
----------------------------------------------------
 Movimiento : [2, 14]
 Coste :      4382
 Iteración :  13
----------------------------------------------------
 Movimiento : [3, 15]
 Coste :      4310
 Iteración :  18
----------------------------------------------------
 Movimiento : [4, 17]
 Coste :      4174
 Iteración :  7
----------------------------------------------------
 Movimiento : [5, 11]
 Coste :      4126
 Iteración :  20
----------------------------------------------------
 Movimiento : [6, 10]
 Coste :      4106
 Iteración :  8
----------------------------------------------------
 Movimiento : [7, 6]
 Coste :      4088
 Iteración :  11
----------------------------------------------------
 Movimiento : [8, 10]
 Coste :      4062
 Iteración :  5
----------------------------------------------------
 Movimiento : [9, 0]
 Coste :      3998
 Iteración :  18
----------------------------------------------------
 Movimiento : [10, 17]
 Coste :      3898
 Iteración :  19
----------------------------------------------------
 Movimiento : [11, 14]
 Coste :      3896
 Iteración :  8
----------------------------------------------------
 Movimiento : [12, 8]
 Coste :      3888
 Iteración :  15
----------------------------------------------------
 Movimiento : [13, 9]
 Coste :      3824
 Iteración :  8
----------------------------------------------------
 Movimiento : [14, 20]
 Coste :      3822
 Iteración :  2
----------------------------------------------------
 Movimiento : [15, 8]
 Coste :      3810
 Iteración :  10
----------------------------------------------------
 Mejor solución : 
 (1)->16   (2)->1   (3)->3   (4)->20   (5)->0   (6)->7   (7)->5   (8)->15   (9)->18   (10)->17   
 (11)->9   (12)->6   (13)->8   (14)->12   (15)->10   (16)->19   (17)->21   (18)->13   (19)->14   
 (20)->11   (21)->2   (22)->4   

 Coste : 3810
----------------------------------------------------
Tiempo :  71.349 ms 
Semilla : 26515294
