----------------------------------------------------
 Solución inicial : 
 (1)->17   (2)->4   (3)->5   (4)->14   (5)->19   (6)->3   (7)->20   (8)->7   (9)->9   (10)->1   
 (11)->15   (12)->12   (13)->16   (14)->6   (15)->18   (16)->13   (17)->10   (18)->2   (19)->11   
 (20)->8   

 Coste : 3332
----------------------------------------------------
 Movimiento : [4, 0]
 Coste :      3276
 Iteración :  0
----------------------------------------------------
 Movimiento : [1, 11]
 Coste :      3212
 Iteración :  1
----------------------------------------------------
 Movimiento : [6, 0]
 Coste :      3160
 Iteración :  2
----------------------------------------------------
 Movimiento : [11, 12]
 Coste :      3048
 Iteración :  3
----------------------------------------------------
 Movimiento : [10, 3]
 Coste :      3008
 Iteración :  4
----------------------------------------------------
 Movimiento : [19, 4]
 Coste :      2940
 Iteración :  5
----------------------------------------------------
 Movimiento : [1, 7]
 Coste :      2926
 Iteración :  6
----------------------------------------------------
 Movimiento : [6, 7]
 Coste :      2924
 Iteración :  7
----------------------------------------------------
 Movimiento : [10, 15]
 Coste :      2914
 Iteración :  8
----------------------------------------------------
 Movimiento : [4, 3]
 Coste :      2898
 Iteración :  9
----------------------------------------------------
 Movimiento : [14, 6]
 Coste :      2826
 Iteración :  10
----------------------------------------------------
 Movimiento : [4, 15]
 Coste :      2812
 Iteración :  11
----------------------------------------------------
 Movimiento : [8, 16]
 Coste :      2794
 Iteración :  12
----------------------------------------------------
 Mejor solución : 
 (1)->20   (2)->7   (3)->5   (4)->8   (5)->14   (6)->3   (7)->18   (8)->19   (9)->10   (10)->1   
 (11)->13   (12)->16   (13)->4   (14)->6   (15)->12   (16)->15   (17)->9   (18)->2   (19)->11   
 (20)->17   

 Coste : 2794
----------------------------------------------------
Tiempo :  33.035 ms 
Semilla : 15294265
