----------------------------------------------------
 Solución inicial : 
 (1)->12   (2)->11   (3)->5   (4)->0   (5)->15   (6)->7   (7)->6   (8)->19   (9)->2   (10)->1   
 (11)->4   (12)->14   (13)->10   (14)->13   (15)->20   (16)->3   (17)->16   (18)->18   (19)->9   
 (20)->17   (21)->8   (22)->21   

 Coste : 5038
----------------------------------------------------
 Movimiento : [0, 12]
 Coste :      4886
 Iteración :  10
----------------------------------------------------
 Movimiento : [1, 14]
 Coste :      4706
 Iteración :  0
----------------------------------------------------
 Movimiento : [2, 17]
 Coste :      4674
 Iteración :  21
----------------------------------------------------
 Movimiento : [3, 5]
 Coste :      4622
 Iteración :  4
----------------------------------------------------
 Movimiento : [4, 4]
 Coste :      4334
 Iteración :  9
----------------------------------------------------
 Movimiento : [5, 11]
 Coste :      4314
 Iteración :  5
----------------------------------------------------
 Movimiento : [6, 20]
 Coste :      4202
 Iteración :  16
----------------------------------------------------
 Movimiento : [7, 14]
 Coste :      4180
 Iteración :  1
----------------------------------------------------
 Movimiento : [8, 4]
 Coste :      4164
 Iteración :  14
----------------------------------------------------
 Movimiento : [9, 17]
 Coste :      4156
 Iteración :  7
----------------------------------------------------
 Movimiento : [10, 14]
 Coste :      4152
 Iteración :  20
----------------------------------------------------
 Movimiento : [11, 7]
 Coste :      4140
 Iteración :  18
----------------------------------------------------
 Movimiento : [12, 12]
 Coste :      4112
 Iteración :  13
----------------------------------------------------
 Movimiento : [13, 19]
 Coste :      4090
 Iteración :  3
----------------------------------------------------
 Movimiento : [14, 3]
 Coste :      4078
 Iteración :  11
----------------------------------------------------
 Movimiento : [15, 8]
 Coste :      4042
 Iteración :  13
----------------------------------------------------
 Movimiento : [16, 14]
 Coste :      4032
 Iteración :  18
----------------------------------------------------
 Movimiento : [17, 20]
 Coste :      4016
 Iteración :  3
----------------------------------------------------
 Movimiento : [18, 19]
 Coste :      4014
 Iteración :  3
----------------------------------------------------
 Movimiento : [19, 18]
 Coste :      3960
 Iteración :  11
----------------------------------------------------
 Movimiento : [20, 10]
 Coste :      3904
 Iteración :  18
----------------------------------------------------
 Movimiento : [21, 16]
 Coste :      3870
 Iteración :  14
----------------------------------------------------
 Movimiento : [22, 10]
 Coste :      3830
 Iteración :  9
----------------------------------------------------
 Movimiento : [23, 5]
 Coste :      3810
 Iteración :  20
----------------------------------------------------
 Movimiento : [24, 14]
 Coste :      3746
 Iteración :  18
----------------------------------------------------
 Movimiento : [25, 12]
 Coste :      3710
 Iteración :  20
----------------------------------------------------
 Movimiento : [26, 2]
 Coste :      3698
 Iteración :  15
----------------------------------------------------
 Mejor solución : 
 (1)->20   (2)->12   (3)->3   (4)->0   (5)->11   (6)->15   (7)->6   (8)->9   (9)->4   (10)->17   
 (11)->7   (12)->16   (13)->14   (14)->2   (15)->10   (16)->5   (17)->21   (18)->19   (19)->8   
 (20)->1   (21)->13   (22)->18   

 Coste : 3698
----------------------------------------------------
Tiempo :  81.397 ms 
Semilla : 65152942
