----------------------------------------------------
 Solución inicial : 
 (1)->13   (2)->3   (3)->11   (4)->4   (5)->16   (6)->6   (7)->7   (8)->23   (9)->17   (10)->5   
 (11)->21   (12)->1   (13)->18   (14)->20   (15)->25   (16)->15   (17)->2   (18)->8   (19)->24   
 (20)->12   (21)->9   (22)->14   (23)->10   (24)->22   (25)->19   

 Coste : 5138
----------------------------------------------------
 Movimiento : [5, 22]
 Coste :      4962
 Iteración :  0
----------------------------------------------------
 Movimiento : [17, 19]
 Coste :      4898
 Iteración :  1
----------------------------------------------------
 Movimiento : [21, 23]
 Coste :      4790
 Iteración :  2
----------------------------------------------------
 Movimiento : [0, 13]
 Coste :      4660
 Iteración :  3
----------------------------------------------------
 Movimiento : [6, 9]
 Coste :      4596
 Iteración :  4
----------------------------------------------------
 Movimiento : [18, 13]
 Coste :      4550
 Iteración :  5
----------------------------------------------------
 Movimiento : [5, 24]
 Coste :      4494
 Iteración :  6
----------------------------------------------------
 Movimiento : [13, 9]
 Coste :      4476
 Iteración :  7
----------------------------------------------------
 Movimiento : [1, 22]
 Coste :      4352
 Iteración :  8
----------------------------------------------------
 Movimiento : [13, 23]
 Coste :      4306
 Iteración :  9
----------------------------------------------------
 Movimiento : [20, 24]
 Coste :      4282
 Iteración :  10
----------------------------------------------------
 Movimiento : [10, 19]
 Coste :      4236
 Iteración :  11
----------------------------------------------------
 Movimiento : [18, 13]
 Coste :      4226
 Iteración :  12
----------------------------------------------------
 Movimiento : [6, 20]
 Coste :      4222
 Iteración :  13
----------------------------------------------------
 Movimiento : [8, 12]
 Coste :      4166
 Iteración :  14
----------------------------------------------------
 Movimiento : [12, 19]
 Coste :      4150
 Iteración :  15
----------------------------------------------------
 Movimiento : [17, 22]
 Coste :      4142
 Iteración :  16
----------------------------------------------------
 Movimiento : [15, 6]
 Coste :      4078
 Iteración :  17
----------------------------------------------------
 Movimiento : [19, 7]
 Coste :      4038
 Iteración :  18
----------------------------------------------------
 Movimiento : [4, 12]
 Coste :      4024
 Iteración :  19
----------------------------------------------------
 Movimiento : [23, 3]
 Coste :      3944
 Iteración :  20
----------------------------------------------------
 Movimiento : [24, 10]
 Coste :      3928
 Iteración :  21
----------------------------------------------------
 Movimiento : [23, 20]
 Coste :      3924
 Iteración :  22
----------------------------------------------------
 Movimiento : [3, 17]
 Coste :      3896
 Iteración :  23
----------------------------------------------------
 Mejor solución : 
 (1)->20   (2)->6   (3)->11   (4)->3   (5)->21   (6)->19   (7)->15   (8)->17   (9)->18   (10)->24   
 (11)->9   (12)->1   (13)->16   (14)->13   (15)->25   (16)->10   (17)->2   (18)->7   (19)->14   
 (20)->23   (21)->4   (22)->22   (23)->12   (24)->5   (25)->8   

 Coste : 3896
----------------------------------------------------
Tiempo :  66.141 ms 
Semilla : 52942651
