----------------------------------------------------
 Solución inicial : 
 (1)->6   (2)->9   (3)->5   (4)->0   (5)->10   (6)->16   (7)->18   (8)->19   (9)->2   (10)->11   
 (11)->14   (12)->13   (13)->12   (14)->7   (15)->4   (16)->15   (17)->17   (18)->8   (19)->3   
 (20)->1   (21)->20   

 Coste : 3372
----------------------------------------------------
 Movimiento : [0, 0]
 Coste :      3288
 Iteración :  16
----------------------------------------------------
 Movimiento : [1, 20]
 Coste :      3260
 Iteración :  1
----------------------------------------------------
 Movimiento : [2, 7]
 Coste :      3080
 Iteración :  4
----------------------------------------------------
 Movimiento : [3, 15]
 Coste :      3028
 Iteración :  14
----------------------------------------------------
 Movimiento : [4, 8]
 Coste :      2970
 Iteración :  11
----------------------------------------------------
 Movimiento : [5, 18]
 Coste :      2938
 Iteración :  20
----------------------------------------------------
 Movimiento : [6, 18]
 Coste :      2934
 Iteración :  12
----------------------------------------------------
 Movimiento : [7, 15]
 Coste :      2902
 Iteración :  0
----------------------------------------------------
 Movimiento : [8, 18]
 Coste :      2858
 Iteración :  20
----------------------------------------------------
 Movimiento : [9, 2]
 Coste :      2830
 Iteración :  20
----------------------------------------------------
 Movimiento : [10, 19]
 Coste :      2828
 Iteración :  17
----------------------------------------------------
 Movimiento : [11, 19]
 Coste :      2820
 Iteración :  10
----------------------------------------------------
 Movimiento : [12, 10]
 Coste :      2808
 Iteración :  11
----------------------------------------------------
 Movimiento : [13, 1]
 Coste :      2784
 Iteración :  4
----------------------------------------------------
 Movimiento : [14, 7]
 Coste :      2720
 Iteración :  6
----------------------------------------------------
 Movimiento : [15, 8]
 Coste :      2704
 Iteración :  18
----------------------------------------------------
 Movimiento : [16, 11]
 Coste :      2682
 Iteración :  15
----------------------------------------------------
 Movimiento : [17, 7]
 Coste :      2650
 Iteración :  12
----------------------------------------------------
 Movimiento : [18, 8]
 Coste :      2622
 Iteración :  0
----------------------------------------------------
 Movimiento : [19, 17]
 Coste :      2618
 Iteración :  10
----------------------------------------------------
 Movimiento : [20, 20]
 Coste :      2610
 Iteración :  18
----------------------------------------------------
 Movimiento : [21, 2]
 Coste :      2594
 Iteración :  18
----------------------------------------------------
 Movimiento : [22, 16]
 Coste :      2584
 Iteración :  1
----------------------------------------------------
 Movimiento : [23, 13]
 Coste :      2568
 Iteración :  19
----------------------------------------------------
 Mejor solución : 
 (1)->3   (2)->6   (3)->5   (4)->0   (5)->20   (6)->16   (7)->10   (8)->9   (9)->4   (10)->11   
 (11)->1   (12)->17   (13)->18   (14)->14   (15)->15   (16)->8   (17)->19   (18)->2   (19)->12   
 (20)->7   (21)->13   

 Coste : 2568
----------------------------------------------------
Tiempo :  66.118 ms 
Semilla : 65152942
