----------------------------------------------------
 Solución inicial : 
 (1)->20   (2)->3   (3)->5   (4)->0   (5)->23   (6)->8   (7)->19   (8)->22   (9)->10   (10)->9   
 (11)->1   (12)->14   (13)->17   (14)->16   (15)->11   (16)->15   (17)->12   (18)->6   (19)->18   
 (20)->21   (21)->13   (22)->4   (23)->7   (24)->2   (25)->24   

 Coste : 5204
----------------------------------------------------
 Movimiento : [0, 7]
 Coste :      5096
 Iteración :  23
----------------------------------------------------
 Movimiento : [1, 19]
 Coste :      4940
 Iteración :  6
----------------------------------------------------
 Movimiento : [2, 20]
 Coste :      4772
 Iteración :  24
----------------------------------------------------
 Movimiento : [3, 2]
 Coste :      4750
 Iteración :  17
----------------------------------------------------
 Movimiento : [4, 18]
 Coste :      4660
 Iteración :  14
----------------------------------------------------
 Movimiento : [5, 12]
 Coste :      4588
 Iteración :  6
----------------------------------------------------
 Movimiento : [6, 14]
 Coste :      4528
 Iteración :  20
----------------------------------------------------
 Movimiento : [7, 2]
 Coste :      4440
 Iteración :  8
----------------------------------------------------
 Movimiento : [8, 13]
 Coste :      4340
 Iteración :  5
----------------------------------------------------
 Movimiento : [9, 16]
 Coste :      4292
 Iteración :  13
----------------------------------------------------
 Movimiento : [10, 3]
 Coste :      4194
 Iteración :  4
----------------------------------------------------
 Movimiento : [11, 9]
 Coste :      4154
 Iteración :  24
----------------------------------------------------
 Movimiento : [12, 21]
 Coste :      4142
 Iteración :  4
----------------------------------------------------
 Movimiento : [13, 21]
 Coste :      4112
 Iteración :  1
----------------------------------------------------
 Movimiento : [14, 8]
 Coste :      4096
 Iteración :  22
----------------------------------------------------
 Movimiento : [15, 24]
 Coste :      4074
 Iteración :  16
----------------------------------------------------
 Movimiento : [16, 12]
 Coste :      4070
 Iteración :  20
----------------------------------------------------
 Movimiento : [17, 5]
 Coste :      4034
 Iteración :  18
----------------------------------------------------
 Movimiento : [18, 24]
 Coste :      4006
 Iteración :  22
----------------------------------------------------
 Movimiento : [19, 3]
 Coste :      4000
 Iteración :  14
----------------------------------------------------
 Movimiento : [20, 24]
 Coste :      3992
 Iteración :  7
----------------------------------------------------
 Movimiento : [21, 19]
 Coste :      3974
 Iteración :  12
----------------------------------------------------
 Mejor solución : 
 (1)->20   (2)->0   (3)->10   (4)->24   (5)->4   (6)->11   (7)->17   (8)->6   (9)->7   (10)->13   
 (11)->1   (12)->14   (13)->19   (14)->12   (15)->23   (16)->15   (17)->9   (18)->5   (19)->16   
 (20)->18   (21)->21   (22)->3   (23)->8   (24)->22   (25)->2   

 Coste : 3974
----------------------------------------------------
Tiempo :  82.696 ms 
Semilla : 65152942
