----------------------------------------------------
 Solución inicial : 
 (1)->11   (2)->2   (3)->13   (4)->19   (5)->10   (6)->24   (7)->7   (8)->8   (9)->6   (10)->14   
 (11)->12   (12)->20   (13)->18   (14)->16   (15)->9   (16)->4   (17)->25   (18)->17   (19)->23   
 (20)->1   (21)->21   (22)->22   (23)->15   (24)->3   (25)->5   

 Coste : 5046
----------------------------------------------------
 Movimiento : [0, 19]
 Coste :      4882
 Iteración :  4
----------------------------------------------------
 Movimiento : [1, 10]
 Coste :      4702
 Iteración :  5
----------------------------------------------------
 Movimiento : [2, 10]
 Coste :      4606
 Iteración :  12
----------------------------------------------------
 Movimiento : [3, 22]
 Coste :      4504
 Iteración :  21
----------------------------------------------------
 Movimiento : [4, 21]
 Coste :      4478
 Iteración :  15
----------------------------------------------------
 Movimiento : [5, 20]
 Coste :      4374
 Iteración :  2
----------------------------------------------------
 Movimiento : [6, 18]
 Coste :      4354
 Iteración :  17
----------------------------------------------------
 Movimiento : [7, 9]
 Coste :      4318
 Iteración :  8
----------------------------------------------------
 Movimiento : [8, 2]
 Coste :      4310
 Iteración :  13
----------------------------------------------------
 Movimiento : [9, 13]
 Coste :      4266
 Iteración :  17
----------------------------------------------------
 Movimiento : [10, 15]
 Coste :      4242
 Iteración :  23
----------------------------------------------------
 Movimiento : [11, 15]
 Coste :      4218
 Iteración :  9
----------------------------------------------------
 Movimiento : [12, 9]
 Coste :      4194
 Iteración :  14
----------------------------------------------------
 Movimiento : [13, 20]
 Coste :      4166
 Iteración :  7
----------------------------------------------------
 Movimiento : [14, 12]
 Coste :      4158
 Iteración :  22
----------------------------------------------------
 Movimiento : [15, 1]
 Coste :      4142
 Iteración :  15
----------------------------------------------------
 Movimiento : [16, 23]
 Coste :      4134
 Iteración :  7
----------------------------------------------------
 Movimiento : [17, 13]
 Coste :      4106
 Iteración :  23
----------------------------------------------------
 Movimiento : [18, 24]
 Coste :      4084
 Iteración :  19
----------------------------------------------------
 Movimiento : [19, 19]
 Coste :      4064
 Iteración :  21
----------------------------------------------------
 Movimiento : [20, 9]
 Coste :      4044
 Iteración :  10
----------------------------------------------------
 Movimiento : [21, 14]
 Coste :      4036
 Iteración :  19
----------------------------------------------------
 Movimiento : [22, 10]
 Coste :      4028
 Iteración :  24
----------------------------------------------------
 Movimiento : [23, 12]
 Coste :      4020
 Iteración :  22
----------------------------------------------------
 Movimiento : [24, 9]
 Coste :      4010
 Iteración :  13
----------------------------------------------------
 Mejor solución : 
 (1)->11   (2)->6   (3)->16   (4)->19   (5)->1   (6)->12   (7)->7   (8)->15   (9)->14   (10)->13   
 (11)->10   (12)->20   (13)->24   (14)->18   (15)->4   (16)->2   (17)->25   (18)->21   (19)->17   
 (20)->3   (21)->8   (22)->5   (23)->22   (24)->23   (25)->9   

 Coste : 4010
----------------------------------------------------
Tiempo :  65.777 ms 
Semilla : 51529426
