----------------------------------------------------
 Solución inicial : 
 (1)->2   (2)->3   (3)->5   (4)->13   (5)->20   (6)->18   (7)->4   (8)->21   (9)->10   (10)->9   
 (11)->8   (12)->7   (13)->12   (14)->16   (15)->6   (16)->19   (17)->14   (18)->17   (19)->1   
 (20)->15   (21)->11   (22)->0   

 Coste : 5208
----------------------------------------------------
 Movimiento : [0, 12]
 Coste :      5120
 Iteración :  10
----------------------------------------------------
 Movimiento : [1, 11]
 Coste :      4992
 Iteración :  7
----------------------------------------------------
 Movimiento : [2, 7]
 Coste :      4900
 Iteración :  0
----------------------------------------------------
 Movimiento : [3, 14]
 Coste :      4770
 Iteración :  1
----------------------------------------------------
 Movimiento : [4, 0]
 Coste :      4690
 Iteración :  6
----------------------------------------------------
 Movimiento : [5, 1]
 Coste :      4614
 Iteración :  9
----------------------------------------------------
 Movimiento : [6, 21]
 Coste :      4574
 Iteración :  7
----------------------------------------------------
 Movimiento : [7, 19]
 Coste :      4430
 Iteración :  20
----------------------------------------------------
 Movimiento : [8, 10]
 Coste :      4378
 Iteración :  16
----------------------------------------------------
 Movimiento : [9, 11]
 Coste :      4310
 Iteración :  1
----------------------------------------------------
 Movimiento : [10, 14]
 Coste :      4266
 Iteración :  17
----------------------------------------------------
 Movimiento : [11, 10]
 Coste :      4234
 Iteración :  2
----------------------------------------------------
 Movimiento : [12, 21]
 Coste :      4210
 Iteración :  10
----------------------------------------------------
 Movimiento : [13, 8]
 Coste :      4198
 Iteración :  12
----------------------------------------------------
 Movimiento : [14, 6]
 Coste :      4170
 Iteración :  9
----------------------------------------------------
 Movimiento : [15, 20]
 Coste :      4118
 Iteración :  13
----------------------------------------------------
 Movimiento : [16, 13]
 Coste :      4040
 Iteración :  7
----------------------------------------------------
 Movimiento : [17, 5]
 Coste :      4008
 Iteración :  11
----------------------------------------------------
 Movimiento : [18, 20]
 Coste :      3980
 Iteración :  14
----------------------------------------------------
 Movimiento : [19, 10]
 Coste :      3970
 Iteración :  20
----------------------------------------------------
 Movimiento : [20, 7]
 Coste :      3940
 Iteración :  20
----------------------------------------------------
 Movimiento : [21, 9]
 Coste :      3906
 Iteración :  11
----------------------------------------------------
 Movimiento : [22, 14]
 Coste :      3890
 Iteración :  20
----------------------------------------------------
 Movimiento : [23, 20]
 Coste :      3872
 Iteración :  10
----------------------------------------------------
 Movimiento : [24, 15]
 Coste :      3860
 Iteración :  8
----------------------------------------------------
 Movimiento : [25, 18]
 Coste :      3812
 Iteración :  14
----------------------------------------------------
 Movimiento : [26, 0]
 Coste :      3808
 Iteración :  21
----------------------------------------------------
 Movimiento : [27, 4]
 Coste :      3752
 Iteración :  12
----------------------------------------------------
 Movimiento : [28, 7]
 Coste :      3748
 Iteración :  3
----------------------------------------------------
 Movimiento : [29, 10]
 Coste :      3740
 Iteración :  17
----------------------------------------------------
 Movimiento : [30, 15]
 Coste :      3714
 Iteración :  11
----------------------------------------------------
 Movimiento : [31, 17]
 Coste :      3702
 Iteración :  18
----------------------------------------------------
 Mejor solución : 
 (1)->5   (2)->21   (3)->14   (4)->2   (5)->10   (6)->9   (7)->6   (8)->13   (9)->19   (10)->18   
 (11)->3   (12)->8   (13)->20   (14)->0   (15)->1   (16)->7   (17)->12   (18)->15   (19)->16   
 (20)->11   (21)->17   (22)->4   

 Coste : 3702
----------------------------------------------------
Tiempo :  95.145 ms 
Semilla : 15294265
