----------------------------------------------------
 Solución inicial : 
 (1)->6   (2)->19   (3)->4   (4)->5   (5)->2   (6)->7   (7)->20   (8)->3   (9)->24   (10)->17   
 (11)->10   (12)->0   (13)->18   (14)->15   (15)->14   (16)->12   (17)->21   (18)->1   (19)->16   
 (20)->9   (21)->11   (22)->23   (23)->13   (24)->22   (25)->8   

 Coste : 4860
----------------------------------------------------
 Movimiento : [0, 12]
 Coste :      4688
 Iteración :  8
----------------------------------------------------
 Movimiento : [1, 24]
 Coste :      4620
 Iteración :  9
----------------------------------------------------
 Movimiento : [2, 20]
 Coste :      4576
 Iteración :  18
----------------------------------------------------
 Movimiento : [3, 11]
 Coste :      4468
 Iteración :  1
----------------------------------------------------
 Movimiento : [4, 4]
 Coste :      4372
 Iteración :  2
----------------------------------------------------
 Movimiento : [5, 23]
 Coste :      4314
 Iteración :  16
----------------------------------------------------
 Movimiento : [6, 6]
 Coste :      4182
 Iteración :  24
----------------------------------------------------
 Movimiento : [7, 18]
 Coste :      4158
 Iteración :  15
----------------------------------------------------
 Movimiento : [8, 11]
 Coste :      4126
 Iteración :  12
----------------------------------------------------
 Movimiento : [9, 12]
 Coste :      4110
 Iteración :  21
----------------------------------------------------
 Movimiento : [10, 14]
 Coste :      4086
 Iteración :  21
----------------------------------------------------
 Movimiento : [11, 13]
 Coste :      4084
 Iteración :  24
----------------------------------------------------
 Movimiento : [12, 13]
 Coste :      4078
 Iteración :  23
----------------------------------------------------
 Movimiento : [13, 8]
 Coste :      4014
 Iteración :  22
----------------------------------------------------
 Movimiento : [14, 20]
 Coste :      4000
 Iteración :  13
----------------------------------------------------
 Movimiento : [15, 24]
 Coste :      3988
 Iteración :  3
----------------------------------------------------
 Movimiento : [16, 24]
 Coste :      3944
 Iteración :  10
----------------------------------------------------
 Movimiento : [17, 12]
 Coste :      3916
 Iteración :  11
----------------------------------------------------
 Movimiento : [18, 20]
 Coste :      3884
 Iteración :  3
----------------------------------------------------
 Mejor solución : 
 (1)->6   (2)->0   (3)->2   (4)->21   (5)->4   (6)->7   (7)->17   (8)->3   (9)->13   (10)->8   
 (11)->5   (12)->23   (13)->24   (14)->16   (15)->19   (16)->11   (17)->22   (18)->1   (19)->12   
 (20)->9   (21)->15   (22)->14   (23)->18   (24)->20   (25)->10   

 Coste : 3884
----------------------------------------------------
Tiempo :  58.241 ms 
Semilla : 15294265
