----------------------------------------------------
 Solución inicial : 
 (1)->17   (2)->19   (3)->3   (4)->4   (5)->24   (6)->22   (7)->18   (8)->15   (9)->13   (10)->7   
 (11)->11   (12)->12   (13)->5   (14)->10   (15)->14   (16)->20   (17)->8   (18)->2   (19)->25   
 (20)->21   (21)->1   (22)->16   (23)->23   (24)->9   (25)->6   

 Coste : 5070
----------------------------------------------------
 Movimiento : [0, 15]
 Coste :      4866
 Iteración :  21
----------------------------------------------------
 Movimiento : [1, 11]
 Coste :      4774
 Iteración :  24
----------------------------------------------------
 Movimiento : [2, 11]
 Coste :      4718
 Iteración :  18
----------------------------------------------------
 Movimiento : [3, 21]
 Coste :      4672
 Iteración :  22
----------------------------------------------------
 Movimiento : [4, 11]
 Coste :      4652
 Iteración :  20
----------------------------------------------------
 Movimiento : [5, 13]
 Coste :      4604
 Iteración :  22
----------------------------------------------------
 Movimiento : [6, 10]
 Coste :      4532
 Iteración :  7
----------------------------------------------------
 Movimiento : [7, 14]
 Coste :      4468
 Iteración :  5
----------------------------------------------------
 Movimiento : [8, 7]
 Coste :      4458
 Iteración :  16
----------------------------------------------------
 Movimiento : [9, 19]
 Coste :      4414
 Iteración :  21
----------------------------------------------------
 Movimiento : [10, 18]
 Coste :      4386
 Iteración :  23
----------------------------------------------------
 Movimiento : [11, 5]
 Coste :      4362
 Iteración :  8
----------------------------------------------------
 Movimiento : [12, 8]
 Coste :      4334
 Iteración :  24
----------------------------------------------------
 Movimiento : [13, 17]
 Coste :      4320
 Iteración :  16
----------------------------------------------------
 Movimiento : [14, 20]
 Coste :      4294
 Iteración :  4
----------------------------------------------------
 Movimiento : [15, 13]
 Coste :      4248
 Iteración :  1
----------------------------------------------------
 Movimiento : [16, 8]
 Coste :      4236
 Iteración :  18
----------------------------------------------------
 Movimiento : [17, 19]
 Coste :      4224
 Iteración :  14
----------------------------------------------------
 Movimiento : [18, 11]
 Coste :      4206
 Iteración :  16
----------------------------------------------------
 Movimiento : [19, 20]
 Coste :      4176
 Iteración :  21
----------------------------------------------------
 Movimiento : [20, 14]
 Coste :      4156
 Iteración :  21
----------------------------------------------------
 Movimiento : [21, 6]
 Coste :      4136
 Iteración :  17
----------------------------------------------------
 Movimiento : [22, 24]
 Coste :      4120
 Iteración :  8
----------------------------------------------------
 Movimiento : [23, 10]
 Coste :      4060
 Iteración :  13
----------------------------------------------------
 Movimiento : [24, 17]
 Coste :      4048
 Iteración :  24
----------------------------------------------------
 Movimiento : [25, 3]
 Coste :      4046
 Iteración :  2
----------------------------------------------------
 Movimiento : [26, 22]
 Coste :      4030
 Iteración :  2
----------------------------------------------------
 Mejor solución : 
 (1)->17   (2)->20   (3)->10   (4)->3   (5)->25   (6)->13   (7)->11   (8)->8   (9)->14   (10)->7   
 (11)->19   (12)->2   (13)->5   (14)->15   (15)->24   (16)->16   (17)->1   (18)->9   (19)->12   
 (20)->22   (21)->21   (22)->23   (23)->4   (24)->6   (25)->18   

 Coste : 4030
----------------------------------------------------
Tiempo :  70.266 ms 
Semilla : 26515294
