----------------------------------------------------
 Solución inicial : 
 (1)->7   (2)->11   (3)->17   (4)->19   (5)->15   (6)->16   (7)->6   (8)->8   (9)->3   (10)->10   
 (11)->14   (12)->4   (13)->13   (14)->5   (15)->9   (16)->18   (17)->1   (18)->12   (19)->2   
 (20)->20   

 Coste : 3488
----------------------------------------------------
 Movimiento : [4, 18]
 Coste :      3286
 Iteración :  0
----------------------------------------------------
 Movimiento : [19, 1]
 Coste :      3106
 Iteración :  1
----------------------------------------------------
 Movimiento : [17, 8]
 Coste :      3078
 Iteración :  2
----------------------------------------------------
 Movimiento : [4, 8]
 Coste :      3058
 Iteración :  3
----------------------------------------------------
 Movimiento : [9, 17]
 Coste :      3054
 Iteración :  4
----------------------------------------------------
 Movimiento : [15, 12]
 Coste :      3026
 Iteración :  5
----------------------------------------------------
 Movimiento : [2, 6]
 Coste :      2990
 Iteración :  6
----------------------------------------------------
 Movimiento : [4, 12]
 Coste :      2986
 Iteración :  7
----------------------------------------------------
 Movimiento : [15, 19]
 Coste :      2914
 Iteración :  8
----------------------------------------------------
 Movimiento : [8, 2]
 Coste :      2910
 Iteración :  9
----------------------------------------------------
 Movimiento : [13, 17]
 Coste :      2882
 Iteración :  10
----------------------------------------------------
 Movimiento : [8, 16]
 Coste :      2876
 Iteración :  11
----------------------------------------------------
 Movimiento : [15, 4]
 Coste :      2866
 Iteración :  12
----------------------------------------------------
 Movimiento : [12, 4]
 Coste :      2820
 Iteración :  13
----------------------------------------------------
 Movimiento : [10, 19]
 Coste :      2804
 Iteración :  14
----------------------------------------------------
 Movimiento : [5, 12]
 Coste :      2796
 Iteración :  15
----------------------------------------------------
 Movimiento : [19, 15]
 Coste :      2792
 Iteración :  16
----------------------------------------------------
 Movimiento : [1, 18]
 Coste :      2782
 Iteración :  17
----------------------------------------------------
 Movimiento : [18, 15]
 Coste :      2766
 Iteración :  18
----------------------------------------------------
 Movimiento : [10, 14]
 Coste :      2754
 Iteración :  19
----------------------------------------------------
 Mejor solución : 
 (1)->7   (2)->15   (3)->2   (4)->19   (5)->12   (6)->11   (7)->17   (8)->8   (9)->1   (10)->3   
 (11)->9   (12)->4   (13)->16   (14)->10   (15)->13   (16)->20   (17)->6   (18)->5   (19)->14   
 (20)->18   

 Coste : 2754
----------------------------------------------------
Tiempo :  49.432 ms 
Semilla : 65152942
