----------------------------------------------------
 Solución inicial : 
 (1)->9   (2)->10   (3)->2   (4)->19   (5)->12   (6)->5   (7)->6   (8)->4   (9)->11   (10)->7   
 (11)->8   (12)->0   (13)->14   (14)->16   (15)->21   (16)->15   (17)->1   (18)->13   (19)->18   
 (20)->3   (21)->17   (22)->20   

 Coste : 4930
----------------------------------------------------
 Movimiento : [0, 9]
 Coste :      4774
 Iteración :  17
----------------------------------------------------
 Movimiento : [1, 12]
 Coste :      4722
 Iteración :  2
----------------------------------------------------
 Movimiento : [2, 13]
 Coste :      4680
 Iteración :  16
----------------------------------------------------
 Movimiento : [3, 1]
 Coste :      4652
 Iteración :  4
----------------------------------------------------
 Movimiento : [4, 0]
 Coste :      4628
 Iteración :  5
----------------------------------------------------
 Movimiento : [5, 0]
 Coste :      4576
 Iteración :  18
----------------------------------------------------
 Movimiento : [6, 11]
 Coste :      4388
 Iteración :  4
----------------------------------------------------
 Movimiento : [7, 17]
 Coste :      4380
 Iteración :  0
----------------------------------------------------
 Movimiento : [8, 3]
 Coste :      4344
 Iteración :  9
----------------------------------------------------
 Movimiento : [9, 8]
 Coste :      4252
 Iteración :  16
----------------------------------------------------
 Movimiento : [10, 3]
 Coste :      4236
 Iteración :  20
----------------------------------------------------
 Movimiento : [11, 9]
 Coste :      4212
 Iteración :  17
----------------------------------------------------
 Movimiento : [12, 10]
 Coste :      4204
 Iteración :  17
----------------------------------------------------
 Movimiento : [13, 18]
 Coste :      4186
 Iteración :  12
----------------------------------------------------
 Movimiento : [14, 16]
 Coste :      4160
 Iteración :  4
----------------------------------------------------
 Movimiento : [15, 16]
 Coste :      4100
 Iteración :  3
----------------------------------------------------
 Movimiento : [16, 3]
 Coste :      4072
 Iteración :  1
----------------------------------------------------
 Movimiento : [17, 16]
 Coste :      4042
 Iteración :  11
----------------------------------------------------
 Movimiento : [18, 11]
 Coste :      3992
 Iteración :  17
----------------------------------------------------
 Movimiento : [19, 17]
 Coste :      3976
 Iteración :  9
----------------------------------------------------
 Movimiento : [20, 19]
 Coste :      3968
 Iteración :  13
----------------------------------------------------
 Movimiento : [21, 13]
 Coste :      3910
 Iteración :  18
----------------------------------------------------
 Movimiento : [22, 21]
 Coste :      3886
 Iteración :  10
----------------------------------------------------
 Movimiento : [23, 0]
 Coste :      3878
 Iteración :  5
----------------------------------------------------
 Movimiento : [24, 1]
 Coste :      3860
 Iteración :  4
----------------------------------------------------
 Movimiento : [25, 20]
 Coste :      3846
 Iteración :  3
----------------------------------------------------
 Movimiento : [26, 10]
 Coste :      3822
 Iteración :  17
----------------------------------------------------
 Movimiento : [27, 12]
 Coste :      3800
 Iteración :  6
----------------------------------------------------
 Mejor solución : 
 (1)->9   (2)->11   (3)->14   (4)->13   (5)->0   (6)->7   (7)->5   (8)->4   (9)->16   (10)->17   
 (11)->18   (12)->8   (13)->6   (14)->2   (15)->21   (16)->15   (17)->10   (18)->20   (19)->3   
 (20)->1   (21)->12   (22)->19   

 Coste : 3800
----------------------------------------------------
Tiempo :  87.427 ms 
Semilla : 51529426
