----------------------------------------------------
 Solución inicial : 
 (1)->7   (2)->19   (3)->3   (4)->12   (5)->9   (6)->6   (7)->20   (8)->15   (9)->11   (10)->16   
 (11)->1   (12)->4   (13)->14   (14)->2   (15)->5   (16)->8   (17)->21   (18)->18   (19)->22   
 (20)->17   (21)->10   (22)->13   

 Coste : 4980
----------------------------------------------------
 Movimiento : [21, 14]
 Coste :      4804
 Iteración :  0
----------------------------------------------------
 Movimiento : [12, 18]
 Coste :      4624
 Iteración :  1
----------------------------------------------------
 Movimiento : [19, 11]
 Coste :      4480
 Iteración :  2
----------------------------------------------------
 Movimiento : [1, 16]
 Coste :      4408
 Iteración :  3
----------------------------------------------------
 Movimiento : [16, 18]
 Coste :      4352
 Iteración :  4
----------------------------------------------------
 Movimiento : [8, 12]
 Coste :      4342
 Iteración :  5
----------------------------------------------------
 Movimiento : [15, 9]
 Coste :      4270
 Iteración :  6
----------------------------------------------------
 Movimiento : [10, 19]
 Coste :      4184
 Iteración :  7
----------------------------------------------------
 Movimiento : [4, 1]
 Coste :      4164
 Iteración :  8
----------------------------------------------------
 Movimiento : [15, 0]
 Coste :      4136
 Iteración :  9
----------------------------------------------------
 Movimiento : [17, 7]
 Coste :      4112
 Iteración :  10
----------------------------------------------------
 Movimiento : [18, 6]
 Coste :      4080
 Iteración :  11
----------------------------------------------------
 Movimiento : [3, 14]
 Coste :      4078
 Iteración :  12
----------------------------------------------------
 Movimiento : [17, 2]
 Coste :      4046
 Iteración :  13
----------------------------------------------------
 Movimiento : [7, 11]
 Coste :      4036
 Iteración :  14
----------------------------------------------------
 Movimiento : [12, 4]
 Coste :      4012
 Iteración :  15
----------------------------------------------------
 Movimiento : [18, 15]
 Coste :      3972
 Iteración :  16
----------------------------------------------------
 Movimiento : [7, 10]
 Coste :      3968
 Iteración :  17
----------------------------------------------------
 Movimiento : [18, 2]
 Coste :      3912
 Iteración :  18
----------------------------------------------------
 Movimiento : [2, 5]
 Coste :      3886
 Iteración :  19
----------------------------------------------------
 Movimiento : [17, 7]
 Coste :      3882
 Iteración :  20
----------------------------------------------------
 Movimiento : [11, 9]
 Coste :      3838
 Iteración :  21
----------------------------------------------------
 Movimiento : [20, 1]
 Coste :      3796
 Iteración :  22
----------------------------------------------------
 Movimiento : [20, 12]
 Coste :      3780
 Iteración :  23
----------------------------------------------------
 Movimiento : [8, 20]
 Coste :      3774
 Iteración :  24
----------------------------------------------------
 Movimiento : [1, 20]
 Coste :      3754
 Iteración :  25
----------------------------------------------------
 Movimiento : [18, 7]
 Coste :      3726
 Iteración :  26
----------------------------------------------------
 Movimiento : [9, 6]
 Coste :      3706
 Iteración :  27
----------------------------------------------------
 Movimiento : [1, 4]
 Coste :      3696
 Iteración :  28
----------------------------------------------------
 Movimiento : [9, 15]
 Coste :      3680
 Iteración :  29
----------------------------------------------------
 Movimiento : [11, 5]
 Coste :      3656
 Iteración :  30
----------------------------------------------------
 Movimiento : [18, 17]
 Coste :      3652
 Iteración :  31
----------------------------------------------------
 Mejor solución : 
 (1)->16   (2)->11   (3)->6   (4)->13   (5)->22   (6)->8   (7)->18   (8)->15   (9)->21   (10)->20   
 (11)->17   (12)->7   (13)->9   (14)->2   (15)->12   (16)->19   (17)->14   (18)->3   (19)->4   
 (20)->1   (21)->10   (22)->5   

 Coste : 3652
----------------------------------------------------
Tiempo :  81.046 ms 
Semilla : 52942651
