----------------------------------------------------
 Solución inicial : 
 (1)->16   (2)->2   (3)->3   (4)->19   (5)->17   (6)->15   (7)->7   (8)->6   (9)->9   (10)->10   
 (11)->4   (12)->11   (13)->12   (14)->18   (15)->14   (16)->13   (17)->1   (18)->5   (19)->8   
 (20)->20   

 Coste : 3552
----------------------------------------------------
 Movimiento : [0, 1]
 Coste :      3388
 Iteración :  13
----------------------------------------------------
 Movimiento : [1, 19]
 Coste :      3248
 Iteración :  12
----------------------------------------------------
 Movimiento : [2, 10]
 Coste :      3144
 Iteración :  4
----------------------------------------------------
 Movimiento : [3, 1]
 Coste :      3136
 Iteración :  2
----------------------------------------------------
 Movimiento : [4, 3]
 Coste :      3062
 Iteración :  7
----------------------------------------------------
 Movimiento : [5, 14]
 Coste :      3018
 Iteración :  2
----------------------------------------------------
 Movimiento : [6, 13]
 Coste :      2994
 Iteración :  15
----------------------------------------------------
 Movimiento : [7, 10]
 Coste :      2946
 Iteración :  6
----------------------------------------------------
 Movimiento : [8, 2]
 Coste :      2912
 Iteración :  7
----------------------------------------------------
 Movimiento : [9, 13]
 Coste :      2910
 Iteración :  19
----------------------------------------------------
 Movimiento : [10, 13]
 Coste :      2850
 Iteración :  7
----------------------------------------------------
 Movimiento : [11, 8]
 Coste :      2818
 Iteración :  17
----------------------------------------------------
 Movimiento : [12, 15]
 Coste :      2798
 Iteración :  3
----------------------------------------------------
 Movimiento : [13, 2]
 Coste :      2782
 Iteración :  4
----------------------------------------------------
 Movimiento : [14, 17]
 Coste :      2762
 Iteración :  1
----------------------------------------------------
 Movimiento : [15, 7]
 Coste :      2748
 Iteración :  11
----------------------------------------------------
 Movimiento : [16, 13]
 Coste :      2732
 Iteración :  9
----------------------------------------------------
 Movimiento : [17, 13]
 Coste :      2724
 Iteración :  2
----------------------------------------------------
 Mejor solución : 
 (1)->16   (2)->9   (3)->10   (4)->2   (5)->19   (6)->15   (7)->17   (8)->11   (9)->5   (10)->14   
 (11)->7   (12)->12   (13)->20   (14)->4   (15)->18   (16)->6   (17)->1   (18)->3   (19)->8   
 (20)->13   

 Coste : 2724
----------------------------------------------------
Tiempo :  45.5 ms 
Semilla : 26515294
