----------------------------------------------------
 Solución inicial : 
 (1)->11   (2)->18   (3)->3   (4)->13   (5)->9   (6)->19   (7)->7   (8)->8   (9)->16   (10)->10   
 (11)->14   (12)->17   (13)->21   (14)->5   (15)->15   (16)->20   (17)->4   (18)->1   (19)->6   
 (20)->12   (21)->2   

 Coste : 3500
----------------------------------------------------
 Movimiento : [0, 7]
 Coste :      3432
 Iteración :  6
----------------------------------------------------
 Movimiento : [1, 19]
 Coste :      3204
 Iteración :  6
----------------------------------------------------
 Movimiento : [2, 17]
 Coste :      3170
 Iteración :  19
----------------------------------------------------
 Movimiento : [3, 16]
 Coste :      3034
 Iteración :  17
----------------------------------------------------
 Movimiento : [4, 1]
 Coste :      3030
 Iteración :  20
----------------------------------------------------
 Movimiento : [5, 7]
 Coste :      2994
 Iteración :  13
----------------------------------------------------
 Movimiento : [6, 3]
 Coste :      2942
 Iteración :  12
----------------------------------------------------
 Movimiento : [7, 13]
 Coste :      2938
 Iteración :  14
----------------------------------------------------
 Movimiento : [8, 20]
 Coste :      2898
 Iteración :  9
----------------------------------------------------
 Movimiento : [9, 12]
 Coste :      2840
 Iteración :  8
----------------------------------------------------
 Movimiento : [10, 5]
 Coste :      2792
 Iteración :  9
----------------------------------------------------
 Movimiento : [11, 14]
 Coste :      2768
 Iteración :  3
----------------------------------------------------
 Movimiento : [12, 4]
 Coste :      2752
 Iteración :  1
----------------------------------------------------
 Movimiento : [13, 16]
 Coste :      2736
 Iteración :  17
----------------------------------------------------
 Movimiento : [14, 10]
 Coste :      2724
 Iteración :  16
----------------------------------------------------
 Movimiento : [15, 0]
 Coste :      2688
 Iteración :  8
----------------------------------------------------
 Movimiento : [16, 12]
 Coste :      2644
 Iteración :  5
----------------------------------------------------
 Movimiento : [17, 9]
 Coste :      2638
 Iteración :  15
----------------------------------------------------
 Movimiento : [18, 17]
 Coste :      2636
 Iteración :  19
----------------------------------------------------
 Movimiento : [19, 4]
 Coste :      2632
 Iteración :  13
----------------------------------------------------
 Movimiento : [20, 17]
 Coste :      2610
 Iteración :  19
----------------------------------------------------
 Movimiento : [21, 10]
 Coste :      2582
 Iteración :  18
----------------------------------------------------
 Movimiento : [22, 20]
 Coste :      2562
 Iteración :  17
----------------------------------------------------
 Movimiento : [23, 1]
 Coste :      2530
 Iteración :  20
----------------------------------------------------
 Movimiento : [24, 11]
 Coste :      2526
 Iteración :  12
----------------------------------------------------
 Movimiento : [25, 12]
 Coste :      2514
 Iteración :  5
----------------------------------------------------
 Mejor solución : 
 (1)->13   (2)->8   (3)->3   (4)->7   (5)->15   (6)->17   (7)->12   (8)->5   (9)->11   (10)->20   
 (11)->6   (12)->18   (13)->16   (14)->2   (15)->21   (16)->19   (17)->14   (18)->10   (19)->4   
 (20)->1   (21)->9   

 Coste : 2514
----------------------------------------------------
Tiempo :  64.93 ms 
Semilla : 52942651
