----------------------------------------------------
 Solución inicial : 
 (1)->19   (2)->9   (3)->2   (4)->15   (5)->12   (6)->5   (7)->4   (8)->14   (9)->1   (10)->16   
 (11)->0   (12)->13   (13)->10   (14)->20   (15)->18   (16)->8   (17)->7   (18)->17   (19)->3   
 (20)->6   (21)->11   

 Coste : 3194
----------------------------------------------------
 Movimiento : [0, 18]
 Coste :      3140
 Iteración :  15
----------------------------------------------------
 Movimiento : [1, 3]
 Coste :      3094
 Iteración :  7
----------------------------------------------------
 Movimiento : [2, 20]
 Coste :      3086
 Iteración :  7
----------------------------------------------------
 Movimiento : [3, 14]
 Coste :      3030
 Iteración :  0
----------------------------------------------------
 Movimiento : [4, 19]
 Coste :      3018
 Iteración :  13
----------------------------------------------------
 Movimiento : [5, 13]
 Coste :      2982
 Iteración :  11
----------------------------------------------------
 Movimiento : [6, 18]
 Coste :      2962
 Iteración :  1
----------------------------------------------------
 Movimiento : [7, 10]
 Coste :      2862
 Iteración :  4
----------------------------------------------------
 Movimiento : [8, 17]
 Coste :      2852
 Iteración :  9
----------------------------------------------------
 Movimiento : [9, 18]
 Coste :      2820
 Iteración :  9
----------------------------------------------------
 Movimiento : [10, 0]
 Coste :      2802
 Iteración :  7
----------------------------------------------------
 Movimiento : [11, 14]
 Coste :      2782
 Iteración :  13
----------------------------------------------------
 Movimiento : [12, 8]
 Coste :      2776
 Iteración :  12
----------------------------------------------------
 Movimiento : [13, 17]
 Coste :      2764
 Iteración :  8
----------------------------------------------------
 Movimiento : [14, 17]
 Coste :      2760
 Iteración :  7
----------------------------------------------------
 Movimiento : [15, 2]
 Coste :      2740
 Iteración :  9
----------------------------------------------------
 Mejor solución : 
 (1)->11   (2)->8   (3)->9   (4)->14   (5)->0   (6)->5   (7)->4   (8)->10   (9)->16   (10)->2   
 (11)->12   (12)->6   (13)->1   (14)->19   (15)->13   (16)->3   (17)->7   (18)->18   (19)->17   
 (20)->20   (21)->15   

 Coste : 2740
----------------------------------------------------
Tiempo :  43.68 ms 
Semilla : 51529426
