----------------------------------------------------
 Solución inicial : 
 (1)->15   (2)->17   (3)->2   (4)->10   (5)->4   (6)->18   (7)->12   (8)->3   (9)->9   (10)->16   
 (11)->6   (12)->11   (13)->7   (14)->13   (15)->5   (16)->14   (17)->0   (18)->8   (19)->19   
 (20)->1   

 Coste : 3352
----------------------------------------------------
 Movimiento : [0, 14]
 Coste :      3312
 Iteración :  0
----------------------------------------------------
 Movimiento : [1, 9]
 Coste :      3200
 Iteración :  7
----------------------------------------------------
 Movimiento : [2, 5]
 Coste :      3058
 Iteración :  19
----------------------------------------------------
 Movimiento : [3, 4]
 Coste :      3000
 Iteración :  12
----------------------------------------------------
 Movimiento : [4, 1]
 Coste :      2944
 Iteración :  19
----------------------------------------------------
 Movimiento : [5, 14]
 Coste :      2914
 Iteración :  6
----------------------------------------------------
 Movimiento : [6, 2]
 Coste :      2910
 Iteración :  17
----------------------------------------------------
 Movimiento : [7, 10]
 Coste :      2870
 Iteración :  7
----------------------------------------------------
 Movimiento : [8, 4]
 Coste :      2858
 Iteración :  9
----------------------------------------------------
 Movimiento : [9, 13]
 Coste :      2854
 Iteración :  18
----------------------------------------------------
 Movimiento : [10, 19]
 Coste :      2818
 Iteración :  3
----------------------------------------------------
 Movimiento : [11, 13]
 Coste :      2770
 Iteración :  15
----------------------------------------------------
 Movimiento : [12, 2]
 Coste :      2766
 Iteración :  4
----------------------------------------------------
 Movimiento : [13, 9]
 Coste :      2756
 Iteración :  4
----------------------------------------------------
 Movimiento : [14, 19]
 Coste :      2732
 Iteración :  11
----------------------------------------------------
 Movimiento : [15, 18]
 Coste :      2730
 Iteración :  1
----------------------------------------------------
 Movimiento : [16, 6]
 Coste :      2716
 Iteración :  7
----------------------------------------------------
 Movimiento : [17, 12]
 Coste :      2684
 Iteración :  17
----------------------------------------------------
 Movimiento : [18, 5]
 Coste :      2680
 Iteración :  12
----------------------------------------------------
 Movimiento : [19, 8]
 Coste :      2664
 Iteración :  17
----------------------------------------------------
 Mejor solución : 
 (1)->5   (2)->13   (3)->3   (4)->17   (5)->7   (6)->2   (7)->6   (8)->15   (9)->4   (10)->8   
 (11)->16   (12)->10   (13)->1   (14)->14   (15)->12   (16)->19   (17)->0   (18)->9   (19)->18   
 (20)->11   

 Coste : 2664
----------------------------------------------------
Tiempo :  49.639 ms 
Semilla : 52942651
