----------------------------------------------------
 Solución inicial : 
 (1)->9   (2)->18   (3)->15   (4)->19   (5)->5   (6)->6   (7)->4   (8)->11   (9)->16   (10)->8   
 (11)->14   (12)->10   (13)->2   (14)->3   (15)->13   (16)->20   (17)->17   (18)->12   (19)->7   
 (20)->1   

 Coste : 3212
----------------------------------------------------
 Movimiento : [4, 17]
 Coste :      3142
 Iteración :  0
----------------------------------------------------
 Movimiento : [13, 14]
 Coste :      3074
 Iteración :  1
----------------------------------------------------
 Movimiento : [13, 11]
 Coste :      3036
 Iteración :  2
----------------------------------------------------
 Movimiento : [16, 13]
 Coste :      3010
 Iteración :  3
----------------------------------------------------
 Movimiento : [5, 12]
 Coste :      2982
 Iteración :  4
----------------------------------------------------
 Movimiento : [16, 2]
 Coste :      2966
 Iteración :  5
----------------------------------------------------
 Movimiento : [11, 18]
 Coste :      2934
 Iteración :  6
----------------------------------------------------
 Movimiento : [14, 9]
 Coste :      2926
 Iteración :  7
----------------------------------------------------
 Movimiento : [19, 12]
 Coste :      2884
 Iteración :  8
----------------------------------------------------
 Movimiento : [7, 6]
 Coste :      2870
 Iteración :  9
----------------------------------------------------
 Movimiento : [2, 7]
 Coste :      2822
 Iteración :  10
----------------------------------------------------
 Movimiento : [11, 4]
 Coste :      2810
 Iteración :  11
----------------------------------------------------
 Movimiento : [6, 4]
 Coste :      2802
 Iteración :  12
----------------------------------------------------
 Movimiento : [19, 0]
 Coste :      2794
 Iteración :  13
----------------------------------------------------
 Mejor solución : 
 (1)->6   (2)->18   (3)->4   (4)->19   (5)->11   (6)->2   (7)->7   (8)->10   (9)->16   (10)->3   
 (11)->14   (12)->12   (13)->1   (14)->17   (15)->8   (16)->20   (17)->15   (18)->5   (19)->13   
 (20)->9   

 Coste : 2794
----------------------------------------------------
Tiempo :  36.825 ms 
Semilla : 51529426
