----------------------------------------------------
 Solución inicial : 
 (1)->28   (2)->13   (3)->25   (4)->3   (5)->4   (6)->11   (7)->26   (8)->7   (9)->27   (10)->5   
 (11)->10   (12)->19   (13)->24   (14)->2   (15)->12   (16)->23   (17)->17   (18)->29   (19)->18   
 (20)->21   (21)->20   (22)->8   (23)->9   (24)->1   (25)->22   (26)->16   (27)->6   (28)->15   
 (29)->14   (30)->0   

 Coste : 13840
----------------------------------------------------
 Movimiento : [0, 24]
 Coste :      13808
 Iteración :  13
----------------------------------------------------
 Movimiento : [1, 3]
 Coste :      13786
 Iteración :  7
----------------------------------------------------
 Movimiento : [2, 22]
 Coste :      13729
 Iteración :  28
----------------------------------------------------
 Movimiento : [3, 6]
 Coste :      13703
 Iteración :  18
----------------------------------------------------
 Movimiento : [4, 8]
 Coste :      13671
 Iteración :  10
----------------------------------------------------
 Movimiento : [5, 7]
 Coste :      13668
 Iteración :  29
----------------------------------------------------
 Movimiento : [6, 29]
 Coste :      13643
 Iteración :  4
----------------------------------------------------
 Movimiento : [7, 18]
 Coste :      13623
 Iteración :  19
----------------------------------------------------
 Movimiento : [8, 26]
 Coste :      13618
 Iteración :  21
----------------------------------------------------
 Movimiento : [9, 8]
 Coste :      13592
 Iteración :  13
----------------------------------------------------
 Movimiento : [10, 28]
 Coste :      13568
 Iteración :  21
----------------------------------------------------
 Movimiento : [11, 20]
 Coste :      13565
 Iteración :  29
----------------------------------------------------
 Movimiento : [12, 20]
 Coste :      13553
 Iteración :  23
----------------------------------------------------
 Movimiento : [13, 17]
 Coste :      13548
 Iteración :  25
----------------------------------------------------
 Movimiento : [14, 0]
 Coste :      13540
 Iteración :  6
----------------------------------------------------
 Movimiento : [15, 9]
 Coste :      13526
 Iteración :  4
----------------------------------------------------
 Mejor solución : 
 (1)->18   (2)->13   (3)->25   (4)->7   (5)->5   (6)->11   (7)->28   (8)->0   (9)->22   (10)->3   
 (11)->27   (12)->19   (13)->24   (14)->10   (15)->12   (16)->23   (17)->17   (18)->16   (19)->21   
 (20)->26   (21)->1   (22)->9   (23)->14   (24)->4   (25)->2   (26)->29   (27)->8   (28)->15   
 (29)->6   (30)->20   

 Coste : 13526
----------------------------------------------------
Tiempo :  43.716 ms 
Semilla : 52942651
