----------------------------------------------------
 Solución inicial : 
 (1)->2   (2)->8   (3)->6   (4)->4   (5)->7   (6)->23   (7)->28   (8)->26   (9)->5   (10)->30   
 (11)->11   (12)->21   (13)->13   (14)->14   (15)->19   (16)->3   (17)->16   (18)->18   (19)->22   
 (20)->10   (21)->29   (22)->15   (23)->20   (24)->12   (25)->25   (26)->17   (27)->27   (28)->24   
 (29)->9   (30)->1   

 Coste : 196484
----------------------------------------------------
 Movimiento : [14, 0]
 Coste :      192950
 Iteración :  0
----------------------------------------------------
 Movimiento : [10, 0]
 Coste :      191341
 Iteración :  1
----------------------------------------------------
 Movimiento : [15, 11]
 Coste :      189944
 Iteración :  2
----------------------------------------------------
 Movimiento : [2, 22]
 Coste :      188398
 Iteración :  3
----------------------------------------------------
 Movimiento : [2, 9]
 Coste :      186125
 Iteración :  4
----------------------------------------------------
 Movimiento : [29, 6]
 Coste :      185360
 Iteración :  5
----------------------------------------------------
 Movimiento : [9, 19]
 Coste :      184732
 Iteración :  6
----------------------------------------------------
 Movimiento : [8, 1]
 Coste :      183272
 Iteración :  7
----------------------------------------------------
 Movimiento : [8, 11]
 Coste :      181977
 Iteración :  8
----------------------------------------------------
 Movimiento : [3, 20]
 Coste :      181524
 Iteración :  9
----------------------------------------------------
 Movimiento : [6, 4]
 Coste :      181114
 Iteración :  10
----------------------------------------------------
 Movimiento : [27, 28]
 Coste :      180900
 Iteración :  11
----------------------------------------------------
 Movimiento : [15, 6]
 Coste :      180675
 Iteración :  12
----------------------------------------------------
 Movimiento : [3, 13]
 Coste :      180653
 Iteración :  13
----------------------------------------------------
 Movimiento : [29, 25]
 Coste :      180242
 Iteración :  14
----------------------------------------------------
 Mejor solución : 
 (1)->11   (2)->5   (3)->30   (4)->14   (5)->1   (6)->23   (7)->21   (8)->26   (9)->3   (10)->10   
 (11)->19   (12)->8   (13)->13   (14)->29   (15)->2   (16)->7   (17)->16   (18)->18   (19)->22   
 (20)->20   (21)->4   (22)->15   (23)->6   (24)->12   (25)->25   (26)->28   (27)->27   (28)->9   
 (29)->24   (30)->17   

 Coste : 180242
----------------------------------------------------
Tiempo :  43.817 ms 
Semilla : 15294265
