----------------------------------------------------
 Solución inicial : 
 (1)->2   (2)->8   (3)->6   (4)->4   (5)->7   (6)->23   (7)->28   (8)->26   (9)->5   (10)->30   
 (11)->11   (12)->21   (13)->13   (14)->14   (15)->19   (16)->3   (17)->16   (18)->18   (19)->22   
 (20)->10   (21)->29   (22)->15   (23)->20   (24)->12   (25)->25   (26)->17   (27)->27   (28)->24   
 (29)->9   (30)->1   

 Coste : 13825
----------------------------------------------------
 Movimiento : [22, 7]
 Coste :      13791
 Iteración :  0
----------------------------------------------------
 Movimiento : [19, 12]
 Coste :      13755
 Iteración :  1
----------------------------------------------------
 Movimiento : [24, 21]
 Coste :      13725
 Iteración :  2
----------------------------------------------------
 Movimiento : [21, 10]
 Coste :      13692
 Iteración :  3
----------------------------------------------------
 Movimiento : [11, 5]
 Coste :      13652
 Iteración :  4
----------------------------------------------------
 Movimiento : [20, 23]
 Coste :      13632
 Iteración :  5
----------------------------------------------------
 Movimiento : [20, 11]
 Coste :      13610
 Iteración :  6
----------------------------------------------------
 Movimiento : [7, 3]
 Coste :      13609
 Iteración :  7
----------------------------------------------------
 Movimiento : [9, 20]
 Coste :      13602
 Iteración :  8
----------------------------------------------------
 Movimiento : [12, 16]
 Coste :      13599
 Iteración :  9
----------------------------------------------------
 Movimiento : [10, 8]
 Coste :      13591
 Iteración :  10
----------------------------------------------------
 Movimiento : [5, 2]
 Coste :      13589
 Iteración :  11
----------------------------------------------------
 Movimiento : [28, 6]
 Coste :      13585
 Iteración :  12
----------------------------------------------------
 Movimiento : [28, 2]
 Coste :      13574
 Iteración :  13
----------------------------------------------------
 Movimiento : [10, 26]
 Coste :      13568
 Iteración :  14
----------------------------------------------------
 Movimiento : [7, 28]
 Coste :      13557
 Iteración :  15
----------------------------------------------------
 Movimiento : [17, 24]
 Coste :      13553
 Iteración :  16
----------------------------------------------------
 Movimiento : [5, 20]
 Coste :      13548
 Iteración :  17
----------------------------------------------------
 Movimiento : [13, 11]
 Coste :      13539
 Iteración :  18
----------------------------------------------------
 Mejor solución : 
 (1)->2   (2)->8   (3)->28   (4)->20   (5)->7   (6)->30   (7)->9   (8)->21   (9)->25   (10)->23   
 (11)->27   (12)->14   (13)->16   (14)->12   (15)->19   (16)->3   (17)->10   (18)->15   (19)->22   
 (20)->13   (21)->6   (22)->11   (23)->26   (24)->29   (25)->18   (26)->17   (27)->5   (28)->24   
 (29)->4   (30)->1   

 Coste : 13539
----------------------------------------------------
Tiempo :  52.59 ms 
Semilla : 15294265
