----------------------------------------------------
 Solución inicial : 
 (1)->9   (2)->18   (3)->15   (4)->19   (5)->5   (6)->6   (7)->4   (8)->11   (9)->16   (10)->8   
 (11)->14   (12)->10   (13)->2   (14)->3   (15)->13   (16)->20   (17)->17   (18)->12   (19)->7   
 (20)->1   

 Coste : 3939
----------------------------------------------------
 Movimiento : [4, 17]
 Coste :      3926
 Iteración :  0
----------------------------------------------------
 Movimiento : [11, 1]
 Coste :      3898
 Iteración :  1
----------------------------------------------------
 Movimiento : [18, 15]
 Coste :      3891
 Iteración :  2
----------------------------------------------------
 Movimiento : [8, 10]
 Coste :      3882
 Iteración :  3
----------------------------------------------------
 Movimiento : [16, 3]
 Coste :      3868
 Iteración :  4
----------------------------------------------------
 Movimiento : [11, 18]
 Coste :      3859
 Iteración :  5
----------------------------------------------------
 Movimiento : [10, 4]
 Coste :      3856
 Iteración :  6
----------------------------------------------------
 Movimiento : [19, 12]
 Coste :      3847
 Iteración :  7
----------------------------------------------------
 Movimiento : [16, 19]
 Coste :      3838
 Iteración :  8
----------------------------------------------------
 Movimiento : [9, 3]
 Coste :      3835
 Iteración :  9
----------------------------------------------------
 Movimiento : [11, 4]
 Coste :      3830
 Iteración :  10
----------------------------------------------------
 Movimiento : [3, 6]
 Coste :      3823
 Iteración :  11
----------------------------------------------------
 Movimiento : [0, 19]
 Coste :      3815
 Iteración :  12
----------------------------------------------------
 Movimiento : [7, 8]
 Coste :      3809
 Iteración :  13
----------------------------------------------------
 Movimiento : [2, 15]
 Coste :      3808
 Iteración :  14
----------------------------------------------------
 Movimiento : [3, 0]
 Coste :      3805
 Iteración :  15
----------------------------------------------------
 Movimiento : [3, 12]
 Coste :      3796
 Iteración :  16
----------------------------------------------------
 Movimiento : [16, 17]
 Coste :      3794
 Iteración :  17
----------------------------------------------------
 Mejor solución : 
 (1)->4   (2)->10   (3)->7   (4)->1   (5)->20   (6)->6   (7)->8   (8)->14   (9)->11   (10)->17   
 (11)->12   (12)->16   (13)->19   (14)->3   (15)->13   (16)->15   (17)->5   (18)->2   (19)->18   
 (20)->9   

 Coste : 3794
----------------------------------------------------
Tiempo :  45.638 ms 
Semilla : 51529426
