----------------------------------------------------
 Solución inicial : 
 (1)->17   (2)->4   (3)->5   (4)->14   (5)->19   (6)->3   (7)->20   (8)->7   (9)->9   (10)->1   
 (11)->15   (12)->12   (13)->16   (14)->6   (15)->18   (16)->13   (17)->10   (18)->2   (19)->11   
 (20)->8   

 Coste : 3941
----------------------------------------------------
 Movimiento : [0, 4]
 Coste :      3918
 Iteración :  0
----------------------------------------------------
 Movimiento : [1, 14]
 Coste :      3901
 Iteración :  2
----------------------------------------------------
 Movimiento : [2, 10]
 Coste :      3876
 Iteración :  7
----------------------------------------------------
 Movimiento : [3, 19]
 Coste :      3872
 Iteración :  15
----------------------------------------------------
 Movimiento : [4, 10]
 Coste :      3859
 Iteración :  3
----------------------------------------------------
 Movimiento : [5, 19]
 Coste :      3849
 Iteración :  6
----------------------------------------------------
 Movimiento : [6, 6]
 Coste :      3843
 Iteración :  18
----------------------------------------------------
 Movimiento : [7, 9]
 Coste :      3838
 Iteración :  15
----------------------------------------------------
 Movimiento : [8, 2]
 Coste :      3837
 Iteración :  11
----------------------------------------------------
 Movimiento : [9, 7]
 Coste :      3836
 Iteración :  16
----------------------------------------------------
 Movimiento : [10, 0]
 Coste :      3835
 Iteración :  15
----------------------------------------------------
 Movimiento : [11, 15]
 Coste :      3832
 Iteración :  17
----------------------------------------------------
 Movimiento : [12, 16]
 Coste :      3829
 Iteración :  12
----------------------------------------------------
 Movimiento : [13, 9]
 Coste :      3816
 Iteración :  8
----------------------------------------------------
 Mejor solución : 
 (1)->1   (2)->4   (3)->12   (4)->7   (5)->17   (6)->3   (7)->11   (8)->10   (9)->8   (10)->9   
 (11)->14   (12)->18   (13)->15   (14)->6   (15)->5   (16)->2   (17)->16   (18)->19   (19)->13   
 (20)->20   

 Coste : 3816
----------------------------------------------------
Tiempo :  37.252 ms 
Semilla : 15294265
