----------------------------------------------------
 Solución inicial : 
 (1)->29   (2)->14   (3)->26   (4)->4   (5)->5   (6)->12   (7)->27   (8)->8   (9)->28   (10)->6   
 (11)->11   (12)->20   (13)->25   (14)->3   (15)->13   (16)->24   (17)->18   (18)->30   (19)->19   
 (20)->22   (21)->21   (22)->9   (23)->10   (24)->2   (25)->23   (26)->17   (27)->7   (28)->16   
 (29)->15   (30)->1   

 Coste : 192468
----------------------------------------------------
 Movimiento : [0, 27]
 Coste :      190541
 Iteración :  8
----------------------------------------------------
 Movimiento : [1, 13]
 Coste :      189579
 Iteración :  11
----------------------------------------------------
 Movimiento : [2, 25]
 Coste :      188314
 Iteración :  27
----------------------------------------------------
 Movimiento : [3, 22]
 Coste :      187861
 Iteración :  4
----------------------------------------------------
 Movimiento : [4, 6]
 Coste :      187332
 Iteración :  26
----------------------------------------------------
 Movimiento : [5, 21]
 Coste :      186206
 Iteración :  16
----------------------------------------------------
 Movimiento : [6, 25]
 Coste :      186147
 Iteración :  16
----------------------------------------------------
 Movimiento : [7, 19]
 Coste :      184948
 Iteración :  20
----------------------------------------------------
 Movimiento : [8, 17]
 Coste :      183191
 Iteración :  0
----------------------------------------------------
 Movimiento : [9, 2]
 Coste :      182381
 Iteración :  19
----------------------------------------------------
 Movimiento : [10, 16]
 Coste :      182200
 Iteración :  13
----------------------------------------------------
 Movimiento : [11, 0]
 Coste :      182065
 Iteración :  29
----------------------------------------------------
 Movimiento : [12, 4]
 Coste :      181877
 Iteración :  22
----------------------------------------------------
 Movimiento : [13, 19]
 Coste :      181589
 Iteración :  17
----------------------------------------------------
 Movimiento : [14, 19]
 Coste :      180949
 Iteración :  16
----------------------------------------------------
 Movimiento : [15, 22]
 Coste :      180887
 Iteración :  15
----------------------------------------------------
 Movimiento : [16, 18]
 Coste :      180242
 Iteración :  5
----------------------------------------------------
 Movimiento : [17, 17]
 Coste :      180228
 Iteración :  10
----------------------------------------------------
 Movimiento : [18, 15]
 Coste :      179694
 Iteración :  29
----------------------------------------------------
 Movimiento : [19, 1]
 Coste :      179270
 Iteración :  8
----------------------------------------------------
 Movimiento : [20, 8]
 Coste :      178922
 Iteración :  29
----------------------------------------------------
 Movimiento : [21, 28]
 Coste :      178849
 Iteración :  11
----------------------------------------------------
 Movimiento : [22, 10]
 Coste :      178669
 Iteración :  17
----------------------------------------------------
 Mejor solución : 
 (1)->1   (2)->16   (3)->21   (4)->4   (5)->5   (6)->19   (7)->7   (8)->8   (9)->10   (10)->6   
 (11)->11   (12)->15   (13)->25   (14)->28   (15)->13   (16)->30   (17)->29   (18)->26   (19)->12   
 (20)->20   (21)->22   (22)->18   (23)->24   (24)->2   (25)->23   (26)->9   (27)->27   (28)->17   
 (29)->3   (30)->14   

 Coste : 178669
----------------------------------------------------
Tiempo :  60.761 ms 
Semilla : 52942651
