----------------------------------------------------
 Solución inicial : 
 (1)->16   (2)->26   (3)->28   (4)->25   (5)->1   (6)->29   (7)->27   (8)->20   (9)->24   (10)->3   
 (11)->5   (12)->12   (13)->4   (14)->17   (15)->13   (16)->10   (17)->15   (18)->18   (19)->19   
 (20)->22   (21)->7   (22)->21   (23)->23   (24)->14   (25)->8   (26)->9   (27)->11   (28)->2   
 (29)->6   (30)->30   

 Coste : 196151
----------------------------------------------------
 Movimiento : [19, 0]
 Coste :      193053
 Iteración :  0
----------------------------------------------------
 Movimiento : [10, 24]
 Coste :      191144
 Iteración :  1
----------------------------------------------------
 Movimiento : [2, 20]
 Coste :      190555
 Iteración :  2
----------------------------------------------------
 Movimiento : [12, 16]
 Coste :      189664
 Iteración :  3
----------------------------------------------------
 Movimiento : [10, 27]
 Coste :      188362
 Iteración :  4
----------------------------------------------------
 Movimiento : [5, 17]
 Coste :      187280
 Iteración :  5
----------------------------------------------------
 Movimiento : [13, 11]
 Coste :      186535
 Iteración :  6
----------------------------------------------------
 Movimiento : [15, 17]
 Coste :      186399
 Iteración :  7
----------------------------------------------------
 Movimiento : [28, 26]
 Coste :      185567
 Iteración :  8
----------------------------------------------------
 Movimiento : [27, 28]
 Coste :      184482
 Iteración :  9
----------------------------------------------------
 Movimiento : [20, 3]
 Coste :      183888
 Iteración :  10
----------------------------------------------------
 Movimiento : [28, 20]
 Coste :      183001
 Iteración :  11
----------------------------------------------------
 Mejor solución : 
 (1)->22   (2)->26   (3)->7   (4)->28   (5)->1   (6)->18   (7)->27   (8)->20   (9)->24   (10)->3   
 (11)->2   (12)->17   (13)->15   (14)->12   (15)->13   (16)->29   (17)->4   (18)->10   (19)->19   
 (20)->16   (21)->8   (22)->21   (23)->23   (24)->14   (25)->5   (26)->9   (27)->6   (28)->11   
 (29)->25   (30)->30   

 Coste : 183001
----------------------------------------------------
Tiempo :  36.801 ms 
Semilla : 65152942
