----------------------------------------------------
 Solución inicial : 
 (1)->20   (2)->3   (3)->7   (4)->4   (5)->5   (6)->29   (7)->17   (8)->27   (9)->9   (10)->18   
 (11)->16   (12)->23   (13)->6   (14)->14   (15)->28   (16)->2   (17)->12   (18)->21   (19)->15   
 (20)->10   (21)->24   (22)->25   (23)->30   (24)->22   (25)->26   (26)->1   (27)->19   (28)->11   
 (29)->13   (30)->8   

 Coste : 192580
----------------------------------------------------
 Movimiento : [0, 28]
 Coste :      191963
 Iteración :  5
----------------------------------------------------
 Movimiento : [1, 12]
 Coste :      191629
 Iteración :  20
----------------------------------------------------
 Movimiento : [2, 25]
 Coste :      190119
 Iteración :  27
----------------------------------------------------
 Movimiento : [3, 15]
 Coste :      189009
 Iteración :  26
----------------------------------------------------
 Movimiento : [4, 23]
 Coste :      188788
 Iteración :  18
----------------------------------------------------
 Movimiento : [5, 9]
 Coste :      188041
 Iteración :  26
----------------------------------------------------
 Movimiento : [6, 6]
 Coste :      187542
 Iteración :  16
----------------------------------------------------
 Movimiento : [7, 19]
 Coste :      186976
 Iteración :  23
----------------------------------------------------
 Movimiento : [8, 12]
 Coste :      185725
 Iteración :  20
----------------------------------------------------
 Movimiento : [9, 1]
 Coste :      185533
 Iteración :  10
----------------------------------------------------
 Movimiento : [10, 25]
 Coste :      185327
 Iteración :  11
----------------------------------------------------
 Movimiento : [11, 5]
 Coste :      185258
 Iteración :  0
----------------------------------------------------
 Movimiento : [12, 19]
 Coste :      184629
 Iteración :  5
----------------------------------------------------
 Movimiento : [13, 12]
 Coste :      184441
 Iteración :  29
----------------------------------------------------
 Movimiento : [14, 11]
 Coste :      184276
 Iteración :  14
----------------------------------------------------
 Movimiento : [15, 26]
 Coste :      183997
 Iteración :  14
----------------------------------------------------
 Movimiento : [16, 23]
 Coste :      183720
 Iteración :  24
----------------------------------------------------
 Movimiento : [17, 2]
 Coste :      183600
 Iteración :  18
----------------------------------------------------
 Movimiento : [18, 10]
 Coste :      183318
 Iteración :  2
----------------------------------------------------
 Movimiento : [19, 14]
 Coste :      181482
 Iteración :  5
----------------------------------------------------
 Movimiento : [20, 0]
 Coste :      181279
 Iteración :  29
----------------------------------------------------
 Movimiento : [21, 2]
 Coste :      181164
 Iteración :  25
----------------------------------------------------
 Mejor solución : 
 (1)->6   (2)->16   (3)->23   (4)->4   (5)->5   (6)->18   (7)->12   (8)->27   (9)->9   (10)->2   
 (11)->22   (12)->28   (13)->8   (14)->14   (15)->15   (16)->19   (17)->17   (18)->21   (19)->7   
 (20)->20   (21)->24   (22)->25   (23)->30   (24)->26   (25)->10   (26)->3   (27)->11   (28)->1   
 (29)->29   (30)->13   

 Coste : 181164
----------------------------------------------------
Tiempo :  74.162 ms 
Semilla : 26515294
