----------------------------------------------------
 Solución inicial : 
 (1)->9   (2)->18   (3)->15   (4)->19   (5)->5   (6)->6   (7)->4   (8)->11   (9)->16   (10)->8   
 (11)->14   (12)->10   (13)->2   (14)->3   (15)->13   (16)->20   (17)->17   (18)->12   (19)->7   
 (20)->1   

 Coste : 35242
----------------------------------------------------
 Movimiento : [0, 19]
 Coste :      34432
 Iteración :  0
----------------------------------------------------
 Movimiento : [9, 1]
 Coste :      33829
 Iteración :  1
----------------------------------------------------
 Movimiento : [3, 17]
 Coste :      33500
 Iteración :  2
----------------------------------------------------
 Movimiento : [8, 10]
 Coste :      33371
 Iteración :  3
----------------------------------------------------
 Movimiento : [13, 6]
 Coste :      33310
 Iteración :  4
----------------------------------------------------
 Movimiento : [17, 6]
 Coste :      33101
 Iteración :  5
----------------------------------------------------
 Movimiento : [10, 13]
 Coste :      33014
 Iteración :  6
----------------------------------------------------
 Movimiento : [4, 6]
 Coste :      32827
 Iteración :  7
----------------------------------------------------
 Movimiento : [3, 17]
 Coste :      32782
 Iteración :  8
----------------------------------------------------
 Movimiento : [5, 3]
 Coste :      32696
 Iteración :  9
----------------------------------------------------
 Movimiento : [15, 12]
 Coste :      32566
 Iteración :  10
----------------------------------------------------
 Movimiento : [18, 14]
 Coste :      32489
 Iteración :  11
----------------------------------------------------
 Movimiento : [14, 2]
 Coste :      32444
 Iteración :  12
----------------------------------------------------
 Movimiento : [9, 2]
 Coste :      32368
 Iteración :  13
----------------------------------------------------
 Movimiento : [7, 15]
 Coste :      32259
 Iteración :  14
----------------------------------------------------
 Movimiento : [13, 17]
 Coste :      32012
 Iteración :  15
----------------------------------------------------
 Movimiento : [5, 3]
 Coste :      31722
 Iteración :  16
----------------------------------------------------
 Movimiento : [7, 9]
 Coste :      31573
 Iteración :  17
----------------------------------------------------
 Mejor solución : 
 (1)->1   (2)->8   (3)->18   (4)->3   (5)->19   (6)->6   (7)->5   (8)->7   (9)->14   (10)->2   
 (11)->4   (12)->10   (13)->20   (14)->12   (15)->15   (16)->11   (17)->17   (18)->16   (19)->13   
 (20)->9   

 Coste : 31573
----------------------------------------------------
Tiempo :  50.685 ms 
Semilla : 51529426
