----------------------------------------------------
 Solución inicial : 
 (1)->16   (2)->2   (3)->3   (4)->19   (5)->17   (6)->15   (7)->7   (8)->6   (9)->9   (10)->10   
 (11)->4   (12)->11   (13)->12   (14)->18   (15)->14   (16)->13   (17)->1   (18)->5   (19)->8   
 (20)->20   

 Coste : 3913
----------------------------------------------------
 Movimiento : [0, 9]
 Coste :      3899
 Iteración :  10
----------------------------------------------------
 Movimiento : [1, 9]
 Coste :      3896
 Iteración :  8
----------------------------------------------------
 Movimiento : [2, 18]
 Coste :      3870
 Iteración :  17
----------------------------------------------------
 Movimiento : [3, 1]
 Coste :      3857
 Iteración :  12
----------------------------------------------------
 Movimiento : [4, 15]
 Coste :      3854
 Iteración :  12
----------------------------------------------------
 Movimiento : [5, 10]
 Coste :      3852
 Iteración :  18
----------------------------------------------------
 Movimiento : [6, 15]
 Coste :      3850
 Iteración :  17
----------------------------------------------------
 Movimiento : [7, 19]
 Coste :      3842
 Iteración :  18
----------------------------------------------------
 Movimiento : [8, 18]
 Coste :      3841
 Iteración :  5
----------------------------------------------------
 Movimiento : [9, 7]
 Coste :      3838
 Iteración :  10
----------------------------------------------------
 Movimiento : [10, 11]
 Coste :      3835
 Iteración :  3
----------------------------------------------------
 Movimiento : [11, 2]
 Coste :      3834
 Iteración :  4
----------------------------------------------------
 Movimiento : [12, 15]
 Coste :      3830
 Iteración :  16
----------------------------------------------------
 Movimiento : [13, 19]
 Coste :      3827
 Iteración :  11
----------------------------------------------------
 Movimiento : [14, 8]
 Coste :      3820
 Iteración :  16
----------------------------------------------------
 Movimiento : [15, 19]
 Coste :      3816
 Iteración :  6
----------------------------------------------------
 Movimiento : [16, 2]
 Coste :      3810
 Iteración :  16
----------------------------------------------------
 Movimiento : [17, 1]
 Coste :      3805
 Iteración :  12
----------------------------------------------------
 Movimiento : [18, 16]
 Coste :      3801
 Iteración :  0
----------------------------------------------------
 Movimiento : [19, 11]
 Coste :      3795
 Iteración :  18
----------------------------------------------------
 Movimiento : [20, 18]
 Coste :      3794
 Iteración :  8
----------------------------------------------------
 Mejor solución : 
 (1)->17   (2)->13   (3)->4   (4)->11   (5)->3   (6)->20   (7)->19   (8)->5   (9)->10   (10)->9   
 (11)->6   (12)->15   (13)->12   (14)->18   (15)->14   (16)->1   (17)->16   (18)->2   (19)->8   
 (20)->7   

 Coste : 3794
----------------------------------------------------
Tiempo :  53.223 ms 
Semilla : 26515294
