----------------------------------------------------
 Solución inicial : 
 (1)->16   (2)->18   (3)->3   (4)->11   (5)->5   (6)->19   (7)->13   (8)->4   (9)->10   (10)->17   
 (11)->7   (12)->12   (13)->8   (14)->14   (15)->6   (16)->15   (17)->1   (18)->9   (19)->20   
 (20)->2   

 Coste : 36530
----------------------------------------------------
 Movimiento : [7, 6]
 Coste :      35742
 Iteración :  0
----------------------------------------------------
 Movimiento : [16, 9]
 Coste :      34764
 Iteración :  1
----------------------------------------------------
 Movimiento : [12, 5]
 Coste :      34532
 Iteración :  2
----------------------------------------------------
 Movimiento : [14, 18]
 Coste :      34060
 Iteración :  3
----------------------------------------------------
 Movimiento : [15, 3]
 Coste :      33814
 Iteración :  4
----------------------------------------------------
 Movimiento : [1, 19]
 Coste :      32952
 Iteración :  5
----------------------------------------------------
 Movimiento : [10, 13]
 Coste :      32597
 Iteración :  6
----------------------------------------------------
 Movimiento : [4, 9]
 Coste :      32274
 Iteración :  7
----------------------------------------------------
 Movimiento : [5, 9]
 Coste :      32205
 Iteración :  8
----------------------------------------------------
 Movimiento : [4, 8]
 Coste :      31996
 Iteración :  9
----------------------------------------------------
 Movimiento : [10, 8]
 Coste :      31806
 Iteración :  10
----------------------------------------------------
 Movimiento : [16, 2]
 Coste :      31538
 Iteración :  11
----------------------------------------------------
 Movimiento : [17, 5]
 Coste :      31358
 Iteración :  12
----------------------------------------------------
 Movimiento : [0, 15]
 Coste :      31242
 Iteración :  13
----------------------------------------------------
 Mejor solución : 
 (1)->11   (2)->2   (3)->17   (4)->15   (5)->10   (6)->9   (7)->4   (8)->13   (9)->14   (10)->8   
 (11)->1   (12)->12   (13)->19   (14)->7   (15)->20   (16)->16   (17)->3   (18)->5   (19)->6   
 (20)->18   

 Coste : 31242
----------------------------------------------------
Tiempo :  38.372 ms 
Semilla : 52942651
