----------------------------------------------------
 Solución inicial : 
 (1)->10   (2)->3   (3)->15   (4)->4   (5)->14   (6)->28   (7)->18   (8)->8   (9)->22   (10)->7   
 (11)->23   (12)->17   (13)->1   (14)->11   (15)->12   (16)->21   (17)->19   (18)->27   (19)->29   
 (20)->30   (21)->5   (22)->16   (23)->6   (24)->13   (25)->25   (26)->26   (27)->9   (28)->2   
 (29)->24   (30)->20   

 Coste : 194070
----------------------------------------------------
 Movimiento : [14, 2]
 Coste :      192360
 Iteración :  0
----------------------------------------------------
 Movimiento : [29, 9]
 Coste :      191543
 Iteración :  1
----------------------------------------------------
 Movimiento : [25, 10]
 Coste :      189778
 Iteración :  2
----------------------------------------------------
 Movimiento : [0, 7]
 Coste :      188332
 Iteración :  3
----------------------------------------------------
 Movimiento : [1, 25]
 Coste :      187916
 Iteración :  4
----------------------------------------------------
 Movimiento : [17, 27]
 Coste :      187563
 Iteración :  5
----------------------------------------------------
 Movimiento : [17, 11]
 Coste :      186595
 Iteración :  6
----------------------------------------------------
 Movimiento : [23, 16]
 Coste :      186334
 Iteración :  7
----------------------------------------------------
 Movimiento : [9, 13]
 Coste :      185818
 Iteración :  8
----------------------------------------------------
 Movimiento : [17, 5]
 Coste :      185451
 Iteración :  9
----------------------------------------------------
 Movimiento : [19, 8]
 Coste :      184279
 Iteración :  10
----------------------------------------------------
 Movimiento : [7, 9]
 Coste :      183824
 Iteración :  11
----------------------------------------------------
 Movimiento : [19, 6]
 Coste :      183798
 Iteración :  12
----------------------------------------------------
 Movimiento : [22, 21]
 Coste :      183719
 Iteración :  13
----------------------------------------------------
 Movimiento : [19, 7]
 Coste :      182576
 Iteración :  14
----------------------------------------------------
 Movimiento : [21, 7]
 Coste :      182013
 Iteración :  15
----------------------------------------------------
 Movimiento : [6, 29]
 Coste :      181498
 Iteración :  16
----------------------------------------------------
 Movimiento : [19, 16]
 Coste :      181049
 Iteración :  17
----------------------------------------------------
 Movimiento : [24, 20]
 Coste :      180641
 Iteración :  18
----------------------------------------------------
 Movimiento : [12, 5]
 Coste :      180335
 Iteración :  19
----------------------------------------------------
 Movimiento : [7, 21]
 Coste :      179686
 Iteración :  20
----------------------------------------------------
 Movimiento : [5, 27]
 Coste :      178354
 Iteración :  21
----------------------------------------------------
 Movimiento : [24, 23]
 Coste :      178277
 Iteración :  22
----------------------------------------------------
 Mejor solución : 
 (1)->8   (2)->23   (3)->12   (4)->4   (5)->14   (6)->27   (7)->7   (8)->18   (9)->30   (10)->10   
 (11)->26   (12)->2   (13)->17   (14)->20   (15)->15   (16)->21   (17)->11   (18)->28   (19)->29   
 (20)->13   (21)->25   (22)->6   (23)->16   (24)->5   (25)->19   (26)->3   (27)->9   (28)->1   
 (29)->24   (30)->22   

 Coste : 178277
----------------------------------------------------
Tiempo :  64.912 ms 
Semilla : 51529426
