----------------------------------------------------
 Solución inicial : 
 (1)->16   (2)->2   (3)->3   (4)->19   (5)->17   (6)->15   (7)->7   (8)->6   (9)->9   (10)->10   
 (11)->4   (12)->11   (13)->12   (14)->18   (15)->14   (16)->13   (17)->1   (18)->5   (19)->8   
 (20)->20   

 Coste : 34948
----------------------------------------------------
 Movimiento : [8, 18]
 Coste :      34453
 Iteración :  0
----------------------------------------------------
 Movimiento : [18, 3]
 Coste :      33861
 Iteración :  1
----------------------------------------------------
 Movimiento : [10, 4]
 Coste :      33441
 Iteración :  2
----------------------------------------------------
 Movimiento : [12, 11]
 Coste :      33135
 Iteración :  3
----------------------------------------------------
 Movimiento : [13, 17]
 Coste :      32140
 Iteración :  4
----------------------------------------------------
 Movimiento : [15, 12]
 Coste :      31928
 Iteración :  5
----------------------------------------------------
 Movimiento : [9, 7]
 Coste :      31916
 Iteración :  6
----------------------------------------------------
 Movimiento : [14, 10]
 Coste :      31858
 Iteración :  7
----------------------------------------------------
 Movimiento : [5, 6]
 Coste :      31760
 Iteración :  8
----------------------------------------------------
 Movimiento : [16, 7]
 Coste :      31711
 Iteración :  9
----------------------------------------------------
 Movimiento : [13, 7]
 Coste :      31680
 Iteración :  10
----------------------------------------------------
 Movimiento : [16, 10]
 Coste :      31485
 Iteración :  11
----------------------------------------------------
 Movimiento : [16, 14]
 Coste :      31446
 Iteración :  12
----------------------------------------------------
 Movimiento : [7, 13]
 Coste :      31369
 Iteración :  13
----------------------------------------------------
 Movimiento : [15, 14]
 Coste :      31297
 Iteración :  14
----------------------------------------------------
 Mejor solución : 
 (1)->16   (2)->2   (3)->3   (4)->9   (5)->4   (6)->7   (7)->15   (8)->1   (9)->8   (10)->6   
 (11)->10   (12)->12   (13)->13   (14)->5   (15)->11   (16)->14   (17)->17   (18)->18   (19)->19   
 (20)->20   

 Coste : 31297
----------------------------------------------------
Tiempo :  44.182 ms 
Semilla : 26515294
