----------------------------------------------------
 Solución inicial : 
 (1)->7   (2)->11   (3)->17   (4)->19   (5)->15   (6)->16   (7)->6   (8)->8   (9)->3   (10)->10   
 (11)->14   (12)->4   (13)->13   (14)->5   (15)->9   (16)->18   (17)->1   (18)->12   (19)->2   
 (20)->20   

 Coste : 34071
----------------------------------------------------
 Movimiento : [17, 0]
 Coste :      33454
 Iteración :  0
----------------------------------------------------
 Movimiento : [19, 6]
 Coste :      33367
 Iteración :  1
----------------------------------------------------
 Movimiento : [19, 8]
 Coste :      32774
 Iteración :  2
----------------------------------------------------
 Movimiento : [6, 17]
 Coste :      32619
 Iteración :  3
----------------------------------------------------
 Movimiento : [0, 3]
 Coste :      32617
 Iteración :  4
----------------------------------------------------
 Movimiento : [3, 11]
 Coste :      32597
 Iteración :  5
----------------------------------------------------
 Movimiento : [9, 7]
 Coste :      32500
 Iteración :  6
----------------------------------------------------
 Movimiento : [10, 8]
 Coste :      32493
 Iteración :  7
----------------------------------------------------
 Movimiento : [4, 14]
 Coste :      32158
 Iteración :  8
----------------------------------------------------
 Movimiento : [8, 13]
 Coste :      32157
 Iteración :  9
----------------------------------------------------
 Movimiento : [1, 10]
 Coste :      31980
 Iteración :  10
----------------------------------------------------
 Movimiento : [18, 0]
 Coste :      31690
 Iteración :  11
----------------------------------------------------
 Movimiento : [15, 17]
 Coste :      31595
 Iteración :  12
----------------------------------------------------
 Movimiento : [5, 15]
 Coste :      31337
 Iteración :  13
----------------------------------------------------
 Movimiento : [5, 4]
 Coste :      31293
 Iteración :  14
----------------------------------------------------
 Movimiento : [5, 8]
 Coste :      31029
 Iteración :  15
----------------------------------------------------
 Movimiento : [16, 19]
 Coste :      30941
 Iteración :  16
----------------------------------------------------
 Movimiento : [5, 19]
 Coste :      30899
 Iteración :  17
----------------------------------------------------
 Movimiento : [5, 1]
 Coste :      30647
 Iteración :  18
----------------------------------------------------
 Movimiento : [16, 2]
 Coste :      30584
 Iteración :  19
----------------------------------------------------
 Movimiento : [5, 8]
 Coste :      30459
 Iteración :  20
----------------------------------------------------
 Movimiento : [1, 0]
 Coste :      29683
 Iteración :  21
----------------------------------------------------
 Movimiento : [19, 4]
 Coste :      29426
 Iteración :  22
----------------------------------------------------
 Mejor solución : 
 (1)->1   (2)->2   (3)->3   (4)->4   (5)->5   (6)->9   (7)->7   (8)->10   (9)->6   (10)->8   
 (11)->11   (12)->12   (13)->13   (14)->14   (15)->15   (16)->16   (17)->17   (18)->18   (19)->19   
 (20)->20   

 Coste : 29426
----------------------------------------------------
Tiempo :  62.545 ms 
Semilla : 65152942
