----------------------------------------------------
 Solución inicial : 
 (1)->10   (2)->3   (3)->15   (4)->4   (5)->14   (6)->28   (7)->18   (8)->8   (9)->22   (10)->7   
 (11)->23   (12)->17   (13)->1   (14)->11   (15)->12   (16)->21   (17)->19   (18)->27   (19)->29   
 (20)->30   (21)->5   (22)->16   (23)->6   (24)->13   (25)->25   (26)->26   (27)->9   (28)->2   
 (29)->24   (30)->20   

 Coste : 13848
----------------------------------------------------
 Movimiento : [7, 5]
 Coste :      13798
 Iteración :  0
----------------------------------------------------
 Movimiento : [17, 23]
 Coste :      13749
 Iteración :  1
----------------------------------------------------
 Movimiento : [22, 21]
 Coste :      13735
 Iteración :  2
----------------------------------------------------
 Movimiento : [15, 16]
 Coste :      13733
 Iteración :  3
----------------------------------------------------
 Movimiento : [14, 25]
 Coste :      13719
 Iteración :  4
----------------------------------------------------
 Movimiento : [14, 26]
 Coste :      13715
 Iteración :  5
----------------------------------------------------
 Movimiento : [28, 6]
 Coste :      13711
 Iteración :  6
----------------------------------------------------
 Movimiento : [29, 11]
 Coste :      13707
 Iteración :  7
----------------------------------------------------
 Movimiento : [11, 10]
 Coste :      13691
 Iteración :  8
----------------------------------------------------
 Movimiento : [16, 20]
 Coste :      13683
 Iteración :  9
----------------------------------------------------
 Movimiento : [13, 15]
 Coste :      13664
 Iteración :  10
----------------------------------------------------
 Movimiento : [25, 29]
 Coste :      13651
 Iteración :  11
----------------------------------------------------
 Movimiento : [3, 19]
 Coste :      13648
 Iteración :  12
----------------------------------------------------
 Movimiento : [20, 1]
 Coste :      13616
 Iteración :  13
----------------------------------------------------
 Movimiento : [17, 6]
 Coste :      13592
 Iteración :  14
----------------------------------------------------
 Movimiento : [11, 17]
 Coste :      13591
 Iteración :  15
----------------------------------------------------
 Movimiento : [24, 27]
 Coste :      13588
 Iteración :  16
----------------------------------------------------
 Movimiento : [1, 19]
 Coste :      13568
 Iteración :  17
----------------------------------------------------
 Movimiento : [14, 5]
 Coste :      13561
 Iteración :  18
----------------------------------------------------
 Movimiento : [20, 4]
 Coste :      13548
 Iteración :  19
----------------------------------------------------
 Mejor solución : 
 (1)->10   (2)->4   (3)->15   (4)->30   (5)->3   (6)->9   (7)->13   (8)->28   (9)->22   (10)->7   
 (11)->20   (12)->24   (13)->1   (14)->19   (15)->8   (16)->11   (17)->5   (18)->23   (19)->29   
 (20)->21   (21)->14   (22)->6   (23)->16   (24)->27   (25)->2   (26)->17   (27)->26   (28)->25   
 (29)->18   (30)->12   

 Coste : 13548
----------------------------------------------------
Tiempo :  55.056 ms 
Semilla : 51529426
