----------------------------------------------------
 Solución inicial : 
 (1)->16   (2)->18   (3)->3   (4)->11   (5)->5   (6)->19   (7)->13   (8)->4   (9)->10   (10)->17   
 (11)->7   (12)->12   (13)->8   (14)->14   (15)->6   (16)->15   (17)->1   (18)->9   (19)->20   
 (20)->2   

 Coste : 3971
----------------------------------------------------
 Movimiento : [0, 9]
 Coste :      3956
 Iteración :  0
----------------------------------------------------
 Movimiento : [1, 6]
 Coste :      3925
 Iteración :  14
----------------------------------------------------
 Movimiento : [2, 2]
 Coste :      3905
 Iteración :  5
----------------------------------------------------
 Movimiento : [3, 8]
 Coste :      3890
 Iteración :  6
----------------------------------------------------
 Movimiento : [4, 16]
 Coste :      3861
 Iteración :  3
----------------------------------------------------
 Movimiento : [5, 19]
 Coste :      3857
 Iteración :  18
----------------------------------------------------
 Movimiento : [6, 14]
 Coste :      3852
 Iteración :  11
----------------------------------------------------
 Movimiento : [7, 10]
 Coste :      3842
 Iteración :  0
----------------------------------------------------
 Movimiento : [8, 19]
 Coste :      3835
 Iteración :  11
----------------------------------------------------
 Movimiento : [9, 16]
 Coste :      3826
 Iteración :  19
----------------------------------------------------
 Movimiento : [10, 16]
 Coste :      3817
 Iteración :  0
----------------------------------------------------
 Mejor solución : 
 (1)->13   (2)->18   (3)->19   (4)->1   (5)->5   (6)->3   (7)->10   (8)->4   (9)->6   (10)->16   
 (11)->17   (12)->20   (13)->8   (14)->14   (15)->12   (16)->15   (17)->7   (18)->9   (19)->2   
 (20)->11   

 Coste : 3817
----------------------------------------------------
Tiempo :  29.115 ms 
Semilla : 52942651
