----------------------------------------------------
 Solución inicial : 
 (1)->16   (2)->26   (3)->28   (4)->25   (5)->1   (6)->29   (7)->27   (8)->20   (9)->24   (10)->3   
 (11)->5   (12)->12   (13)->4   (14)->17   (15)->13   (16)->10   (17)->15   (18)->18   (19)->19   
 (20)->22   (21)->7   (22)->21   (23)->23   (24)->14   (25)->8   (26)->9   (27)->11   (28)->2   
 (29)->6   (30)->30   

 Coste : 13840
----------------------------------------------------
 Movimiento : [0, 19]
 Coste :      13818
 Iteración :  0
----------------------------------------------------
 Movimiento : [1, 1]
 Coste :      13781
 Iteración :  8
----------------------------------------------------
 Movimiento : [2, 5]
 Coste :      13758
 Iteración :  3
----------------------------------------------------
 Movimiento : [3, 15]
 Coste :      13729
 Iteración :  23
----------------------------------------------------
 Movimiento : [4, 26]
 Coste :      13711
 Iteración :  29
----------------------------------------------------
 Movimiento : [5, 19]
 Coste :      13698
 Iteración :  20
----------------------------------------------------
 Movimiento : [6, 14]
 Coste :      13677
 Iteración :  19
----------------------------------------------------
 Movimiento : [7, 9]
 Coste :      13661
 Iteración :  21
----------------------------------------------------
 Movimiento : [8, 6]
 Coste :      13658
 Iteración :  19
----------------------------------------------------
 Movimiento : [9, 17]
 Coste :      13656
 Iteración :  20
----------------------------------------------------
 Movimiento : [10, 12]
 Coste :      13634
 Iteración :  20
----------------------------------------------------
 Movimiento : [11, 10]
 Coste :      13625
 Iteración :  17
----------------------------------------------------
 Movimiento : [12, 10]
 Coste :      13618
 Iteración :  6
----------------------------------------------------
 Movimiento : [13, 23]
 Coste :      13593
 Iteración :  12
----------------------------------------------------
 Movimiento : [14, 11]
 Coste :      13578
 Iteración :  0
----------------------------------------------------
 Movimiento : [15, 16]
 Coste :      13576
 Iteración :  1
----------------------------------------------------
 Movimiento : [16, 25]
 Coste :      13575
 Iteración :  14
----------------------------------------------------
 Movimiento : [17, 25]
 Coste :      13568
 Iteración :  29
----------------------------------------------------
 Movimiento : [18, 6]
 Coste :      13565
 Iteración :  8
----------------------------------------------------
 Movimiento : [19, 7]
 Coste :      13561
 Iteración :  20
----------------------------------------------------
 Movimiento : [20, 28]
 Coste :      13555
 Iteración :  4
----------------------------------------------------
 Movimiento : [21, 12]
 Coste :      13542
 Iteración :  15
----------------------------------------------------
 Movimiento : [22, 2]
 Coste :      13524
 Iteración :  5
----------------------------------------------------
 Movimiento : [23, 10]
 Coste :      13519
 Iteración :  9
----------------------------------------------------
 Movimiento : [24, 2]
 Coste :      13513
 Iteración :  12
----------------------------------------------------
 Movimiento : [25, 12]
 Coste :      13499
 Iteración :  10
----------------------------------------------------
 Movimiento : [26, 21]
 Coste :      13483
 Iteración :  29
----------------------------------------------------
 Mejor solución : 
 (1)->12   (2)->15   (3)->14   (4)->29   (5)->6   (6)->28   (7)->26   (8)->4   (9)->16   (10)->13   
 (11)->25   (12)->22   (13)->21   (14)->17   (15)->9   (16)->10   (17)->24   (18)->5   (19)->19   
 (20)->27   (21)->20   (22)->7   (23)->23   (24)->18   (25)->8   (26)->11   (27)->30   (28)->2   
 (29)->1   (30)->3   

 Coste : 13483
----------------------------------------------------
Tiempo :  74.882 ms 
Semilla : 65152942
