----------------------------------------------------
 Solución inicial : 
 (1)->7   (2)->11   (3)->17   (4)->19   (5)->15   (6)->16   (7)->6   (8)->8   (9)->3   (10)->10   
 (11)->14   (12)->4   (13)->13   (14)->5   (15)->9   (16)->18   (17)->1   (18)->12   (19)->2   
 (20)->20   

 Coste : 3977
----------------------------------------------------
 Movimiento : [11, 9]
 Coste :      3956
 Iteración :  0
----------------------------------------------------
 Movimiento : [19, 1]
 Coste :      3926
 Iteración :  1
----------------------------------------------------
 Movimiento : [13, 4]
 Coste :      3908
 Iteración :  2
----------------------------------------------------
 Movimiento : [1, 13]
 Coste :      3890
 Iteración :  3
----------------------------------------------------
 Movimiento : [8, 13]
 Coste :      3885
 Iteración :  4
----------------------------------------------------
 Movimiento : [9, 10]
 Coste :      3862
 Iteración :  5
----------------------------------------------------
 Movimiento : [18, 14]
 Coste :      3850
 Iteración :  6
----------------------------------------------------
 Movimiento : [18, 2]
 Coste :      3839
 Iteración :  7
----------------------------------------------------
 Movimiento : [6, 14]
 Coste :      3836
 Iteración :  8
----------------------------------------------------
 Movimiento : [18, 16]
 Coste :      3834
 Iteración :  9
----------------------------------------------------
 Movimiento : [3, 17]
 Coste :      3829
 Iteración :  10
----------------------------------------------------
 Movimiento : [19, 9]
 Coste :      3822
 Iteración :  11
----------------------------------------------------
 Movimiento : [17, 1]
 Coste :      3817
 Iteración :  12
----------------------------------------------------
 Movimiento : [18, 9]
 Coste :      3812
 Iteración :  13
----------------------------------------------------
 Movimiento : [8, 9]
 Coste :      3807
 Iteración :  14
----------------------------------------------------
 Movimiento : [16, 8]
 Coste :      3802
 Iteración :  15
----------------------------------------------------
 Movimiento : [16, 17]
 Coste :      3790
 Iteración :  16
----------------------------------------------------
 Mejor solución : 
 (1)->7   (2)->19   (3)->9   (4)->12   (5)->5   (6)->16   (7)->2   (8)->8   (9)->17   (10)->20   
 (11)->4   (12)->10   (13)->13   (14)->3   (15)->6   (16)->18   (17)->15   (18)->1   (19)->11   
 (20)->14   

 Coste : 3790
----------------------------------------------------
Tiempo :  46.402 ms 
Semilla : 65152942
