----------------------------------------------------
 Solución inicial : 
 (1)->20   (2)->3   (3)->7   (4)->4   (5)->5   (6)->29   (7)->17   (8)->27   (9)->9   (10)->18   
 (11)->16   (12)->23   (13)->6   (14)->14   (15)->28   (16)->2   (17)->12   (18)->21   (19)->15   
 (20)->10   (21)->24   (22)->25   (23)->30   (24)->22   (25)->26   (26)->1   (27)->19   (28)->11   
 (29)->13   (30)->8   

 Coste : 13833
----------------------------------------------------
 Movimiento : [28, 5]
 Coste :      13800
 Iteración :  0
----------------------------------------------------
 Movimiento : [16, 3]
 Coste :      13772
 Iteración :  1
----------------------------------------------------
 Movimiento : [5, 21]
 Coste :      13747
 Iteración :  2
----------------------------------------------------
 Movimiento : [14, 22]
 Coste :      13740
 Iteración :  3
----------------------------------------------------
 Movimiento : [29, 15]
 Coste :      13727
 Iteración :  4
----------------------------------------------------
 Movimiento : [15, 27]
 Coste :      13696
 Iteración :  5
----------------------------------------------------
 Movimiento : [13, 8]
 Coste :      13692
 Iteración :  6
----------------------------------------------------
 Movimiento : [9, 19]
 Coste :      13674
 Iteración :  7
----------------------------------------------------
 Movimiento : [18, 8]
 Coste :      13661
 Iteración :  8
----------------------------------------------------
 Movimiento : [14, 7]
 Coste :      13653
 Iteración :  9
----------------------------------------------------
 Movimiento : [0, 25]
 Coste :      13644
 Iteración :  10
----------------------------------------------------
 Movimiento : [0, 17]
 Coste :      13618
 Iteración :  11
----------------------------------------------------
 Movimiento : [19, 23]
 Coste :      13616
 Iteración :  12
----------------------------------------------------
 Movimiento : [25, 21]
 Coste :      13612
 Iteración :  13
----------------------------------------------------
 Movimiento : [23, 5]
 Coste :      13607
 Iteración :  14
----------------------------------------------------
 Movimiento : [1, 23]
 Coste :      13605
 Iteración :  15
----------------------------------------------------
 Movimiento : [15, 18]
 Coste :      13600
 Iteración :  16
----------------------------------------------------
 Movimiento : [12, 1]
 Coste :      13597
 Iteración :  17
----------------------------------------------------
 Movimiento : [4, 20]
 Coste :      13593
 Iteración :  18
----------------------------------------------------
 Movimiento : [10, 14]
 Coste :      13592
 Iteración :  19
----------------------------------------------------
 Movimiento : [13, 3]
 Coste :      13560
 Iteración :  20
----------------------------------------------------
 Movimiento : [15, 21]
 Coste :      13551
 Iteración :  21
----------------------------------------------------
 Movimiento : [12, 23]
 Coste :      13535
 Iteración :  22
----------------------------------------------------
 Movimiento : [29, 26]
 Coste :      13532
 Iteración :  23
----------------------------------------------------
 Movimiento : [23, 20]
 Coste :      13531
 Iteración :  24
----------------------------------------------------
 Movimiento : [18, 20]
 Coste :      13516
 Iteración :  25
----------------------------------------------------
 Movimiento : [9, 20]
 Coste :      13509
 Iteración :  26
----------------------------------------------------
 Mejor solución : 
 (1)->21   (2)->6   (3)->7   (4)->9   (5)->24   (6)->18   (7)->17   (8)->30   (9)->15   (10)->11   
 (11)->27   (12)->23   (13)->3   (14)->12   (15)->16   (16)->20   (17)->4   (18)->1   (19)->25   
 (20)->22   (21)->10   (22)->14   (23)->28   (24)->5   (25)->26   (26)->13   (27)->2   (28)->8   
 (29)->29   (30)->19   

 Coste : 13509
----------------------------------------------------
Tiempo :  76.898 ms 
Semilla : 26515294
