----------------------------------------------------
 Solución inicial : 
 (1)->16   (2)->3   (3)->4   (4)->13   (5)->18   (6)->2   (7)->19   (8)->6   (9)->8   (10)->0   
 (11)->14   (12)->11   (13)->15   (14)->5   (15)->17   (16)->12   (17)->9   (18)->1   (19)->10   
 (20)->7   

 Coste : 35149
----------------------------------------------------
 Movimiento : [0, 17]
 Coste :      34388
 Iteración :  1
----------------------------------------------------
 Movimiento : [1, 19]
 Coste :      33983
 Iteración :  7
----------------------------------------------------
 Movimiento : [2, 19]
 Coste :      33935
 Iteración :  3
----------------------------------------------------
 Movimiento : [3, 10]
 Coste :      33607
 Iteración :  13
----------------------------------------------------
 Movimiento : [4, 2]
 Coste :      33052
 Iteración :  17
----------------------------------------------------
 Movimiento : [5, 17]
 Coste :      32819
 Iteración :  5
----------------------------------------------------
 Movimiento : [6, 18]
 Coste :      32798
 Iteración :  15
----------------------------------------------------
 Movimiento : [7, 10]
 Coste :      32785
 Iteración :  14
----------------------------------------------------
 Movimiento : [8, 6]
 Coste :      32738
 Iteración :  8
----------------------------------------------------
 Movimiento : [9, 10]
 Coste :      32641
 Iteración :  15
----------------------------------------------------
 Movimiento : [10, 16]
 Coste :      32601
 Iteración :  18
----------------------------------------------------
 Movimiento : [11, 8]
 Coste :      32533
 Iteración :  10
----------------------------------------------------
 Movimiento : [12, 11]
 Coste :      32233
 Iteración :  18
----------------------------------------------------
 Movimiento : [13, 8]
 Coste :      32172
 Iteración :  10
----------------------------------------------------
 Movimiento : [14, 8]
 Coste :      32112
 Iteración :  7
----------------------------------------------------
 Movimiento : [15, 8]
 Coste :      32041
 Iteración :  10
----------------------------------------------------
 Movimiento : [16, 16]
 Coste :      31924
 Iteración :  10
----------------------------------------------------
 Mejor solución : 
 (1)->16   (2)->1   (3)->3   (4)->6   (5)->18   (6)->4   (7)->8   (8)->19   (9)->10   (10)->0   
 (11)->12   (12)->9   (13)->15   (14)->14   (15)->5   (16)->17   (17)->7   (18)->2   (19)->11   
 (20)->13   

 Coste : 31924
----------------------------------------------------
Tiempo :  54.962 ms 
Semilla : 15294265
